c:\users\cheungmine\workspace\libosip2-5.2.1\osip\platform\vsnet\osip2\win32\debug\osip2-vc80.pdb
c:\users\cheungmine\workspace\libosip2-5.2.1\osip\platform\vsnet\osip2\win32\debug\osip2-vc80.idb
c:\users\cheungmine\workspace\libosip2-5.2.1\osip\platform\vsnet\osip2\win32\debug\fsm_misc.obj
c:\users\cheungmine\workspace\libosip2-5.2.1\osip\platform\vsnet\osip2\win32\debug\ict.obj
c:\users\cheungmine\workspace\libosip2-5.2.1\osip\platform\vsnet\osip2\win32\debug\ict_fsm.obj
c:\users\cheungmine\workspace\libosip2-5.2.1\osip\platform\vsnet\osip2\win32\debug\ist.obj
c:\users\cheungmine\workspace\libosip2-5.2.1\osip\platform\vsnet\osip2\win32\debug\ist_fsm.obj
c:\users\cheungmine\workspace\libosip2-5.2.1\osip\platform\vsnet\osip2\win32\debug\nict.obj
c:\users\cheungmine\workspace\libosip2-5.2.1\osip\platform\vsnet\osip2\win32\debug\nict_fsm.obj
c:\users\cheungmine\workspace\libosip2-5.2.1\osip\platform\vsnet\osip2\win32\debug\nist.obj
c:\users\cheungmine\workspace\libosip2-5.2.1\osip\platform\vsnet\osip2\win32\debug\nist_fsm.obj
c:\users\cheungmine\workspace\libosip2-5.2.1\osip\platform\vsnet\osip2\win32\debug\osip.obj
c:\users\cheungmine\workspace\libosip2-5.2.1\osip\platform\vsnet\osip2\win32\debug\osip_dialog.obj
c:\users\cheungmine\workspace\libosip2-5.2.1\osip\platform\vsnet\osip2\win32\debug\osip_event.obj
c:\users\cheungmine\workspace\libosip2-5.2.1\osip\platform\vsnet\osip2\win32\debug\osip_time.obj
c:\users\cheungmine\workspace\libosip2-5.2.1\osip\platform\vsnet\osip2\win32\debug\osip_transaction.obj
c:\users\cheungmine\workspace\libosip2-5.2.1\osip\platform\vsnet\osip2\win32\debug\port_condv.obj
c:\users\cheungmine\workspace\libosip2-5.2.1\osip\platform\vsnet\osip2\win32\debug\port_fifo.obj
c:\users\cheungmine\workspace\libosip2-5.2.1\osip\platform\vsnet\osip2\win32\debug\port_sema.obj
c:\users\cheungmine\workspace\libosip2-5.2.1\osip\platform\vsnet\osip2\win32\debug\port_thread.obj
c:\users\cheungmine\workspace\libosip2-5.2.1\exosip\platform\vsnet\v140\win32\debug\osip2.lib
c:\users\cheungmine\workspace\libosip2-5.2.1\osip\platform\vsnet\osip2\win32\debug\osip2.tlog\cl.command.1.tlog
c:\users\cheungmine\workspace\libosip2-5.2.1\osip\platform\vsnet\osip2\win32\debug\osip2.tlog\cl.read.1.tlog
c:\users\cheungmine\workspace\libosip2-5.2.1\osip\platform\vsnet\osip2\win32\debug\osip2.tlog\cl.write.1.tlog
c:\users\cheungmine\workspace\libosip2-5.2.1\osip\platform\vsnet\osip2\win32\debug\osip2.tlog\lib-link.read.1.tlog
c:\users\cheungmine\workspace\libosip2-5.2.1\osip\platform\vsnet\osip2\win32\debug\osip2.tlog\lib-link.write.1.tlog
c:\users\cheungmine\workspace\libosip2-5.2.1\osip\platform\vsnet\osip2\win32\debug\osip2.tlog\lib.command.1.tlog
