  sdp_message.c
  sdp_accessor.c
  osip_www_authenticate.c
  osip_via.c
  osip_uri.c
  osip_to.c
  osip_route.c
  osip_record_route.c
  osip_proxy_authorization.c
  osip_proxy_authentication_info.c
  osip_proxy_authenticate.c
  osip_port.c
  osip_parser_cfg.c
  osip_mime_version.c
  osip_message_to_str.c
  osip_message_parse.c
  osip_message.c
  osip_md5c.c
  osip_list.c
  osip_header.c
  正在生成代码...
  正在编译...
  osip_from.c
  osip_error_info.c
  osip_cseq.c
  osip_content_type.c
  osip_content_length.c
  osip_content_encoding.c
  osip_content_disposition.c
  osip_contact.c
  osip_call_info.c
  osip_call_id.c
  osip_body.c
  osip_authorization.c
  osip_authentication_info.c
  osip_allow.c
  osip_alert_info.c
  osip_accept_language.c
  osip_accept_encoding.c
  osip_accept.c
  正在生成代码...
  osipparser2.vcxproj -> C:\Users\cheungmine\Workspace\libosip2-5.2.1\exosip\platform\vsnet\v140\Win32\Debug\osipparser2.lib
