c:\users\cheungmine\workspace\libosip2-5.2.1\osip\platform\vsnet\osipparser2\x64\release\osip_list.obj
c:\users\cheungmine\workspace\libosip2-5.2.1\osip\platform\vsnet\osipparser2\x64\release\osip_header.obj
c:\users\cheungmine\workspace\libosip2-5.2.1\osip\platform\vsnet\osipparser2\x64\release\osip_from.obj
c:\users\cheungmine\workspace\libosip2-5.2.1\osip\platform\vsnet\osipparser2\x64\release\osip_error_info.obj
c:\users\cheungmine\workspace\libosip2-5.2.1\osip\platform\vsnet\osipparser2\x64\release\osip_cseq.obj
c:\users\cheungmine\workspace\libosip2-5.2.1\osip\platform\vsnet\osipparser2\x64\release\osip_content_type.obj
c:\users\cheungmine\workspace\libosip2-5.2.1\osip\platform\vsnet\osipparser2\x64\release\osip_content_length.obj
c:\users\cheungmine\workspace\libosip2-5.2.1\osip\platform\vsnet\osipparser2\x64\release\osip_content_encoding.obj
c:\users\cheungmine\workspace\libosip2-5.2.1\osip\platform\vsnet\osipparser2\x64\release\osip_content_disposition.obj
c:\users\cheungmine\workspace\libosip2-5.2.1\osip\platform\vsnet\osipparser2\x64\release\osip_contact.obj
c:\users\cheungmine\workspace\libosip2-5.2.1\osip\platform\vsnet\osipparser2\x64\release\osip_call_info.obj
c:\users\cheungmine\workspace\libosip2-5.2.1\osip\platform\vsnet\osipparser2\x64\release\osip_call_id.obj
c:\users\cheungmine\workspace\libosip2-5.2.1\osip\platform\vsnet\osipparser2\x64\release\osip_body.obj
c:\users\cheungmine\workspace\libosip2-5.2.1\osip\platform\vsnet\osipparser2\x64\release\osip_authorization.obj
c:\users\cheungmine\workspace\libosip2-5.2.1\osip\platform\vsnet\osipparser2\x64\release\osip_authentication_info.obj
c:\users\cheungmine\workspace\libosip2-5.2.1\osip\platform\vsnet\osipparser2\x64\release\osip_allow.obj
c:\users\cheungmine\workspace\libosip2-5.2.1\osip\platform\vsnet\osipparser2\x64\release\osip_alert_info.obj
c:\users\cheungmine\workspace\libosip2-5.2.1\osip\platform\vsnet\osipparser2\x64\release\osip_accept_language.obj
c:\users\cheungmine\workspace\libosip2-5.2.1\osip\platform\vsnet\osipparser2\x64\release\osip_accept_encoding.obj
c:\users\cheungmine\workspace\libosip2-5.2.1\osip\platform\vsnet\osipparser2\x64\release\osip_accept.obj
c:\users\cheungmine\workspace\libosip2-5.2.1\osip\platform\vsnet\osipparser2\x64\release\sdp_message.obj
c:\users\cheungmine\workspace\libosip2-5.2.1\osip\platform\vsnet\osipparser2\x64\release\sdp_accessor.obj
c:\users\cheungmine\workspace\libosip2-5.2.1\osip\platform\vsnet\osipparser2\x64\release\osip_www_authenticate.obj
c:\users\cheungmine\workspace\libosip2-5.2.1\osip\platform\vsnet\osipparser2\x64\release\osip_via.obj
c:\users\cheungmine\workspace\libosip2-5.2.1\osip\platform\vsnet\osipparser2\x64\release\osip_uri.obj
c:\users\cheungmine\workspace\libosip2-5.2.1\osip\platform\vsnet\osipparser2\x64\release\osip_to.obj
c:\users\cheungmine\workspace\libosip2-5.2.1\osip\platform\vsnet\osipparser2\x64\release\osip_route.obj
c:\users\cheungmine\workspace\libosip2-5.2.1\osip\platform\vsnet\osipparser2\x64\release\osip_record_route.obj
c:\users\cheungmine\workspace\libosip2-5.2.1\osip\platform\vsnet\osipparser2\x64\release\osip_proxy_authorization.obj
c:\users\cheungmine\workspace\libosip2-5.2.1\osip\platform\vsnet\osipparser2\x64\release\osip_proxy_authentication_info.obj
c:\users\cheungmine\workspace\libosip2-5.2.1\osip\platform\vsnet\osipparser2\x64\release\osip_proxy_authenticate.obj
c:\users\cheungmine\workspace\libosip2-5.2.1\osip\platform\vsnet\osipparser2\x64\release\osip_port.obj
c:\users\cheungmine\workspace\libosip2-5.2.1\osip\platform\vsnet\osipparser2\x64\release\osip_parser_cfg.obj
c:\users\cheungmine\workspace\libosip2-5.2.1\osip\platform\vsnet\osipparser2\x64\release\osip_mime_version.obj
c:\users\cheungmine\workspace\libosip2-5.2.1\osip\platform\vsnet\osipparser2\x64\release\osip_message_to_str.obj
c:\users\cheungmine\workspace\libosip2-5.2.1\osip\platform\vsnet\osipparser2\x64\release\osip_message_parse.obj
c:\users\cheungmine\workspace\libosip2-5.2.1\osip\platform\vsnet\osipparser2\x64\release\osip_message.obj
c:\users\cheungmine\workspace\libosip2-5.2.1\osip\platform\vsnet\osipparser2\x64\release\osip_md5c.obj
c:\users\cheungmine\workspace\libosip2-5.2.1\exosip\platform\vsnet\v140\x64\release\osipparser2.lib
c:\users\cheungmine\workspace\libosip2-5.2.1\osip\platform\vsnet\osipparser2\x64\release\osipparser2.tlog\cl.command.1.tlog
c:\users\cheungmine\workspace\libosip2-5.2.1\osip\platform\vsnet\osipparser2\x64\release\osipparser2.tlog\cl.read.1.tlog
c:\users\cheungmine\workspace\libosip2-5.2.1\osip\platform\vsnet\osipparser2\x64\release\osipparser2.tlog\cl.write.1.tlog
c:\users\cheungmine\workspace\libosip2-5.2.1\osip\platform\vsnet\osipparser2\x64\release\osipparser2.tlog\lib-link.read.1.tlog
c:\users\cheungmine\workspace\libosip2-5.2.1\osip\platform\vsnet\osipparser2\x64\release\osipparser2.tlog\lib-link.write.1.tlog
c:\users\cheungmine\workspace\libosip2-5.2.1\osip\platform\vsnet\osipparser2\x64\release\osipparser2.tlog\lib.command.1.tlog
