c:\users\cheungmine\workspace\libosip2-5.2.1\exosip\platform\vsnet\exosip\x64\debug\exosip-vc80.pdb
c:\users\cheungmine\workspace\libosip2-5.2.1\exosip\platform\vsnet\exosip\x64\debug\jdialog.obj
c:\users\cheungmine\workspace\libosip2-5.2.1\exosip\platform\vsnet\exosip\x64\debug\jcallback.obj
c:\users\cheungmine\workspace\libosip2-5.2.1\exosip\platform\vsnet\exosip\x64\debug\jcall.obj
c:\users\cheungmine\workspace\libosip2-5.2.1\exosip\platform\vsnet\exosip\x64\debug\jauth.obj
c:\users\cheungmine\workspace\libosip2-5.2.1\exosip\platform\vsnet\exosip\x64\debug\inet_ntop.obj
c:\users\cheungmine\workspace\libosip2-5.2.1\exosip\platform\vsnet\exosip\x64\debug\exutils.obj
c:\users\cheungmine\workspace\libosip2-5.2.1\exosip\platform\vsnet\exosip\x64\debug\extransport.obj
c:\users\cheungmine\workspace\libosip2-5.2.1\exosip\platform\vsnet\exosip\x64\debug\extl_udp.obj
c:\users\cheungmine\workspace\libosip2-5.2.1\exosip\platform\vsnet\exosip\x64\debug\extl_tls.obj
c:\users\cheungmine\workspace\libosip2-5.2.1\exosip\platform\vsnet\exosip\x64\debug\extl_tcp.obj
c:\users\cheungmine\workspace\libosip2-5.2.1\exosip\platform\vsnet\exosip\x64\debug\extl_dtls.obj
c:\users\cheungmine\workspace\libosip2-5.2.1\exosip\platform\vsnet\exosip\x64\debug\exsubscription_api.obj
c:\users\cheungmine\workspace\libosip2-5.2.1\exosip\platform\vsnet\exosip\x64\debug\exregister_api.obj
c:\users\cheungmine\workspace\libosip2-5.2.1\exosip\platform\vsnet\exosip\x64\debug\expublish_api.obj
c:\users\cheungmine\workspace\libosip2-5.2.1\exosip\platform\vsnet\exosip\x64\debug\exosip.obj
c:\users\cheungmine\workspace\libosip2-5.2.1\exosip\platform\vsnet\exosip\x64\debug\exoptions_api.obj
c:\users\cheungmine\workspace\libosip2-5.2.1\exosip\platform\vsnet\exosip\x64\debug\exmessage_api.obj
c:\users\cheungmine\workspace\libosip2-5.2.1\exosip\platform\vsnet\exosip\x64\debug\exinsubscription_api.obj
c:\users\cheungmine\workspace\libosip2-5.2.1\exosip\platform\vsnet\exosip\x64\debug\exconf.obj
c:\users\cheungmine\workspace\libosip2-5.2.1\exosip\platform\vsnet\exosip\x64\debug\excall_api.obj
c:\users\cheungmine\workspace\libosip2-5.2.1\exosip\platform\vsnet\exosip\x64\debug\udp.obj
c:\users\cheungmine\workspace\libosip2-5.2.1\exosip\platform\vsnet\exosip\x64\debug\sdp_offans.obj
c:\users\cheungmine\workspace\libosip2-5.2.1\exosip\platform\vsnet\exosip\x64\debug\rijndael.obj
c:\users\cheungmine\workspace\libosip2-5.2.1\exosip\platform\vsnet\exosip\x64\debug\misc.obj
c:\users\cheungmine\workspace\libosip2-5.2.1\exosip\platform\vsnet\exosip\x64\debug\milenage.obj
c:\users\cheungmine\workspace\libosip2-5.2.1\exosip\platform\vsnet\exosip\x64\debug\jsubscribe.obj
c:\users\cheungmine\workspace\libosip2-5.2.1\exosip\platform\vsnet\exosip\x64\debug\jresponse.obj
c:\users\cheungmine\workspace\libosip2-5.2.1\exosip\platform\vsnet\exosip\x64\debug\jrequest.obj
c:\users\cheungmine\workspace\libosip2-5.2.1\exosip\platform\vsnet\exosip\x64\debug\jreg.obj
c:\users\cheungmine\workspace\libosip2-5.2.1\exosip\platform\vsnet\exosip\x64\debug\jpublish.obj
c:\users\cheungmine\workspace\libosip2-5.2.1\exosip\platform\vsnet\exosip\x64\debug\jpipe.obj
c:\users\cheungmine\workspace\libosip2-5.2.1\exosip\platform\vsnet\exosip\x64\debug\jnotify.obj
c:\users\cheungmine\workspace\libosip2-5.2.1\exosip\platform\vsnet\exosip\x64\debug\jevents.obj
c:\users\cheungmine\workspace\libosip2-5.2.1\exosip\platform\vsnet\v140\x64\debug\exosip.lib
c:\users\cheungmine\workspace\libosip2-5.2.1\exosip\platform\vsnet\exosip\x64\debug\exosip.tlog\cl.command.1.tlog
c:\users\cheungmine\workspace\libosip2-5.2.1\exosip\platform\vsnet\exosip\x64\debug\exosip.tlog\cl.read.1.tlog
c:\users\cheungmine\workspace\libosip2-5.2.1\exosip\platform\vsnet\exosip\x64\debug\exosip.tlog\cl.write.1.tlog
c:\users\cheungmine\workspace\libosip2-5.2.1\exosip\platform\vsnet\exosip\x64\debug\exosip.tlog\lib-link.read.1.tlog
c:\users\cheungmine\workspace\libosip2-5.2.1\exosip\platform\vsnet\exosip\x64\debug\exosip.tlog\lib-link.write.1.tlog
c:\users\cheungmine\workspace\libosip2-5.2.1\exosip\platform\vsnet\exosip\x64\debug\exosip.tlog\lib.command.1.tlog
