This file contains any messages produced by compilers while
running configure, to aid debugging if configure makes a mistake.

It was created by libosip2 configure 5.2.1, which was
generated by GNU Autoconf 2.69.  Invocation command line was

  $ ./configure 

## --------- ##
## Platform. ##
## --------- ##

hostname = win10-zl-x1e
uname -m = x86_64
uname -r = 3.2.0-340.x86_64
uname -s = MINGW64_NT-10.0-19042
uname -v = 2021-05-24 19:32 UTC

/usr/bin/uname -p = unknown
/bin/uname -X     = unknown

/bin/arch              = x86_64
/usr/bin/arch -k       = unknown
/usr/convex/getsysinfo = unknown
/usr/bin/hostinfo      = unknown
/bin/machine           = unknown
/usr/bin/oslevel       = unknown
/bin/universe          = unknown

PATH: /mingw64/bin
PATH: /usr/local/bin
PATH: /usr/bin
PATH: /bin
PATH: /c/Program Files/Microsoft MPI/Bin
PATH: /c/Program Files (x86)/Common Files/Oracle/Java/javapath
PATH: /c/WINDOWS/system32
PATH: /c/WINDOWS
PATH: /c/WINDOWS/System32/Wbem
PATH: /c/WINDOWS/System32/WindowsPowerShell/v1.0
PATH: /c/WINDOWS/System32/OpenSSH
PATH: /c/Users/cheungmine/.dnx/bin
PATH: /c/Program Files/Microsoft DNX/Dnvm
PATH: /c/Program Files/Microsoft SQL Server/120/Tools/Binn
PATH: /c/DEVPACK/CMake/bin
PATH: /c/DEVPACK/Java/jdk1.8.0_171/bin
PATH: /c/DEVPACK/Java/jdk1.8.0_171/jre/bin
PATH: /c/DEVPACK/apache-maven-3.3.3/bin
PATH: /c/DEVPACK/Git/cmd
PATH: /c/DEVPACK/nodejs/node-v14.15.5-win-x64
PATH: /c/DEVPACK/android-ndk/android-ndk-r21e
PATH: /
PATH: /usr/bin
PATH: /c/DEVPACK/MicrosoftVSCode
PATH: /c/DEVPACK/MicrosoftVSCode/bin
PATH: /c/DEVPACK/android-ndk/android-ndk-r21e/prebuilt/windows-x86_64/bin
PATH: /c/DEVPACK/gradle-7.1/bin
PATH: /c/DEVPACK/nasm-2.15.05/nasm-2.15.05-win64
PATH: /c/DEVPACK/nasm-2.15.05/nasm-2.15.05-win64/rdoff
PATH: /c/DEVPACK/gtk+-bundle_3.6.4-20130513_win64/bin
PATH: /c/Users/cheungmine/AppData/Local/Microsoft/WindowsApps
PATH: /c/DEVPACK/MicrosoftVSCode/bin
PATH: /usr/bin/site_perl
PATH: /usr/bin/vendor_perl
PATH: /usr/bin/core_perl


## ----------- ##
## Core tests. ##
## ----------- ##

configure:2221: loading site script /etc/config.site
| # This file is in public domain.
| # Original author: Karlson2k (Evgeny Grin)
| # Written for MSys2 to help running 'configure' scripts
| 
| # Defaults for MSys2/MinGW64-targeted programs
| 
| # Set proper selfname on bash and fallback to default name on other shells
| test -n "${BASH_SOURCE}" 2>/dev/null && config_site_me="${BASH_SOURCE[0]##*/}" || config_site_me=config.site
| 
| # Set default 'host' to speedup configure
| if test -z "$build_alias"; then
|   build_alias="${MSYSTEM_CHOST}"  && \
|     ${as_echo-echo} "$config_site_me:${as_lineno-$LINENO}: default build_alias set to $build_alias" >&5
| fi
| 
| # Set default 'prefix'
| if ( test -z "$prefix" || test "x$prefix" = "xNONE" ) && \
|     ( test -z "$exec_prefix" || test "x$exec_prefix" = "xNONE" ); then
|   prefix="${MSYSTEM_PREFIX}" && \
|     ${as_echo-echo} "$config_site_me:${as_lineno-$LINENO}: default prefix set to $prefix" >&5
| ficonfig.site:13: default build_alias set to x86_64-w64-mingw32
config.site:20: default prefix set to /mingw64
configure:2319: libosip2                The GNU Open SIP library.
configure:2321: Copyright (C) 2001-2021 Aymeric MOIZARD - <amoizard@antisip.com>
configure:2333: result: Configuring  
configure:2336: result: Building Package on mingw64_nt-10.0-19042
configure:2387: checking for a BSD-compatible install
configure:2455: result: /usr/bin/install -c
configure:2466: checking whether build environment is sane
configure:2521: result: yes
configure:2672: checking for a thread-safe mkdir -p
configure:2711: result: /usr/bin/mkdir -p
configure:2718: checking for gawk
configure:2734: found /usr/bin/gawk
configure:2745: result: gawk
configure:2756: checking whether make sets $(MAKE)
configure:2778: result: yes
configure:2807: checking whether make supports nested variables
configure:2824: result: yes
configure:2961: checking whether make supports nested variables
configure:2978: result: yes
configure:2995: checking build system type
configure:3009: result: x86_64-w64-mingw32
configure:3029: checking host system type
configure:3042: result: x86_64-w64-mingw32
configure:3112: checking for gcc
configure:3128: found /mingw64/bin/gcc
configure:3139: result: gcc
configure:3368: checking for C compiler version
configure:3377: gcc --version >&5
gcc.exe (Rev2, Built by MSYS2 project) 10.3.0
Copyright (C) 2020 Free Software Foundation, Inc.
This is free software; see the source for copying conditions.  There is NO
warranty; not even for MERCHANTABILITY or FITNESS FOR A PARTICULAR PURPOSE.

configure:3388: $? = 0
configure:3377: gcc -v >&5
Using built-in specs.
COLLECT_GCC=C:\DEVPACK\msys64\mingw64\bin\gcc.exe
COLLECT_LTO_WRAPPER=C:/DEVPACK/msys64/mingw64/bin/../lib/gcc/x86_64-w64-mingw32/10.3.0/lto-wrapper.exe
Target: x86_64-w64-mingw32
Configured with: ../gcc-10.3.0/configure --prefix=/mingw64 --with-local-prefix=/mingw64/local --build=x86_64-w64-mingw32 --host=x86_64-w64-mingw32 --target=x86_64-w64-mingw32 --with-native-system-header-dir=/mingw64/x86_64-w64-mingw32/include --libexecdir=/mingw64/lib --enable-bootstrap --enable-checking=release --with-arch=x86-64 --with-tune=generic --enable-languages=c,lto,c++,fortran,ada,objc,obj-c++,jit --enable-shared --enable-static --enable-libatomic --enable-threads=posix --enable-graphite --enable-fully-dynamic-string --enable-libstdcxx-filesystem-ts=yes --enable-libstdcxx-time=yes --disable-libstdcxx-pch --disable-libstdcxx-debug --enable-lto --enable-libgomp --disable-multilib --disable-rpath --disable-win32-registry --disable-nls --disable-werror --disable-symvers --with-libiconv --with-system-zlib --with-gmp=/mingw64 --with-mpfr=/mingw64 --with-mpc=/mingw64 --with-isl=/mingw64 --with-pkgversion='Rev2, Built by MSYS2 project' --with-bugurl=https://github.com/msys2/MINGW-packages/issues --with-gnu-as --with-gnu-ld --with-boot-ldflags='-pipe -Wl,--dynamicbase,--high-entropy-va,--nxcompat,--default-image-base-high -Wl,--disable-dynamicbase -static-libstdc++ -static-libgcc' 'LDFLAGS_FOR_TARGET=-pipe -Wl,--dynamicbase,--high-entropy-va,--nxcompat,--default-image-base-high' --enable-linker-plugin-flags='LDFLAGS=-static-libstdc++\ -static-libgcc\ -pipe\ -Wl,--dynamicbase,--high-entropy-va,--nxcompat,--default-image-base-high\ -Wl,--stack,12582912'
Thread model: posix
Supported LTO compression algorithms: zlib zstd
gcc version 10.3.0 (Rev2, Built by MSYS2 project) 
configure:3388: $? = 0
configure:3377: gcc -V >&5
gcc.exe: error: unrecognized command-line option '-V'
gcc.exe: fatal error: no input files
compilation terminated.
configure:3388: $? = 1
configure:3377: gcc -qversion >&5
gcc.exe: error: unrecognized command-line option '-qversion'; did you mean '--version'?
gcc.exe: fatal error: no input files
compilation terminated.
configure:3388: $? = 1
configure:3408: checking whether the C compiler works
configure:3430: gcc    conftest.c  >&5
configure:3434: $? = 0
configure:3482: result: yes
configure:3485: checking for C compiler default output file name
configure:3487: result: a.exe
configure:3493: checking for suffix of executables
configure:3500: gcc -o conftest.exe    conftest.c  >&5
configure:3504: $? = 0
configure:3526: result: .exe
configure:3548: checking whether we are cross compiling
configure:3556: gcc -o conftest.exe    conftest.c  >&5
configure:3560: $? = 0
configure:3567: ./conftest.exe
configure:3571: $? = 0
configure:3586: result: no
configure:3591: checking for suffix of object files
configure:3613: gcc -c   conftest.c >&5
configure:3617: $? = 0
configure:3638: result: o
configure:3642: checking whether we are using the GNU C compiler
configure:3661: gcc -c   conftest.c >&5
configure:3661: $? = 0
configure:3670: result: yes
configure:3679: checking whether gcc accepts -g
configure:3699: gcc -c -g  conftest.c >&5
configure:3699: $? = 0
configure:3740: result: yes
configure:3757: checking for gcc option to accept ISO C89
configure:3820: gcc  -c -g -O2  conftest.c >&5
configure:3820: $? = 0
configure:3833: result: none needed
configure:3858: checking whether gcc understands -c and -o together
configure:3880: gcc -c conftest.c -o conftest2.o
configure:3883: $? = 0
configure:3880: gcc -c conftest.c -o conftest2.o
configure:3883: $? = 0
configure:3895: result: yes
configure:3915: checking whether make supports the include directive
configure:3930: make -f confmf.GNU && cat confinc.out
this is the am__doit target
configure:3933: $? = 0
configure:3952: result: yes (GNU style)
configure:3977: checking dependency style of gcc
configure:4088: result: gcc3
configure:4108: checking how to run the C preprocessor
configure:4139: gcc -E  conftest.c
configure:4139: $? = 0
configure:4153: gcc -E  conftest.c
conftest.c:11:10: fatal error: ac_nonexistent.h: No such file or directory
   11 | #include <ac_nonexistent.h>
      |          ^~~~~~~~~~~~~~~~~~
compilation terminated.
configure:4153: $? = 1
configure: failed program was:
| /* confdefs.h */
| #define PACKAGE_NAME "libosip2"
| #define PACKAGE_TARNAME "libosip2"
| #define PACKAGE_VERSION "5.2.1"
| #define PACKAGE_STRING "libosip2 5.2.1"
| #define PACKAGE_BUGREPORT ""
| #define PACKAGE_URL ""
| #define PACKAGE "libosip2"
| #define VERSION "5.2.1"
| /* end confdefs.h.  */
| #include <ac_nonexistent.h>
configure:4178: result: gcc -E
configure:4198: gcc -E  conftest.c
configure:4198: $? = 0
configure:4212: gcc -E  conftest.c
conftest.c:11:10: fatal error: ac_nonexistent.h: No such file or directory
   11 | #include <ac_nonexistent.h>
      |          ^~~~~~~~~~~~~~~~~~
compilation terminated.
configure:4212: $? = 1
configure: failed program was:
| /* confdefs.h */
| #define PACKAGE_NAME "libosip2"
| #define PACKAGE_TARNAME "libosip2"
| #define PACKAGE_VERSION "5.2.1"
| #define PACKAGE_STRING "libosip2 5.2.1"
| #define PACKAGE_BUGREPORT ""
| #define PACKAGE_URL ""
| #define PACKAGE "libosip2"
| #define VERSION "5.2.1"
| /* end confdefs.h.  */
| #include <ac_nonexistent.h>
configure:4243: checking for a sed that does not truncate output
configure:4307: result: /usr/bin/sed
configure:4358: checking how to print strings
configure:4385: result: printf
configure:4406: checking for a sed that does not truncate output
configure:4470: result: /usr/bin/sed
configure:4488: checking for grep that handles long lines and -e
configure:4546: result: /usr/bin/grep
configure:4551: checking for egrep
configure:4613: result: /usr/bin/grep -E
configure:4618: checking for fgrep
configure:4680: result: /usr/bin/grep -F
configure:4715: checking for ld used by gcc
configure:4782: result: C:/DEVPACK/msys64/mingw64/x86_64-w64-mingw32/bin/ld.exe
configure:4789: checking if the linker (C:/DEVPACK/msys64/mingw64/x86_64-w64-mingw32/bin/ld.exe) is GNU ld
configure:4804: result: yes
configure:4816: checking for BSD- or MS-compatible name lister (nm)
configure:4870: result: /mingw64/bin/nm -B
configure:5000: checking the name lister (/mingw64/bin/nm -B) interface
configure:5007: gcc -c -g -O2  conftest.c >&5
configure:5010: /mingw64/bin/nm -B "conftest.o"
configure:5013: output
0000000000000000 b .bss
0000000000000000 d .data
0000000000000000 N .debug_abbrev
0000000000000000 N .debug_aranges
0000000000000000 N .debug_info
0000000000000000 N .debug_line
0000000000000000 r .rdata$zzz
0000000000000000 t .text
0000000000000000 B some_variable
configure:5020: result: BSD nm
configure:5023: checking whether ln -s works
configure:5030: result: no, using cp -pR
configure:5035: checking the maximum length of command line arguments
configure:5166: result: 8192
configure:5214: checking how to convert x86_64-w64-mingw32 file names to x86_64-w64-mingw32 format
configure:5254: result: func_convert_file_msys_to_w32
configure:5261: checking how to convert x86_64-w64-mingw32 file names to toolchain format
configure:5281: result: func_convert_file_msys_to_w32
configure:5288: checking for C:/DEVPACK/msys64/mingw64/x86_64-w64-mingw32/bin/ld.exe option to reload object files
configure:5295: result: -r
configure:5369: checking for objdump
configure:5385: found /mingw64/bin/objdump
configure:5396: result: objdump
configure:5428: checking how to recognize dependent libraries
configure:5628: result: file_magic ^x86 archive import|^x86 DLL
configure:5713: checking for dlltool
configure:5729: found /mingw64/bin/dlltool
configure:5740: result: dlltool
configure:5773: checking how to associate runtime and link libraries
configure:5800: result: func_cygming_dll_for_implib
configure:5861: checking for ar
configure:5877: found /mingw64/bin/ar
configure:5888: result: ar
configure:5925: checking for archiver @FILE support
configure:5942: gcc -c -g -O2  conftest.c >&5
configure:5942: $? = 0
configure:5945: ar cru libconftest.a @conftest.lst >&5
configure:5948: $? = 0
configure:5953: ar cru libconftest.a @conftest.lst >&5
C:\DEVPACK\msys64\mingw64\bin\ar.exe: conftest.o: No such file or directory
configure:5956: $? = 1
configure:5968: result: @
configure:6026: checking for strip
configure:6042: found /mingw64/bin/strip
configure:6053: result: strip
configure:6125: checking for ranlib
configure:6141: found /mingw64/bin/ranlib
configure:6152: result: ranlib
configure:6254: checking command to parse /mingw64/bin/nm -B output from gcc object
configure:6407: gcc -c -g -O2  conftest.c >&5
configure:6410: $? = 0
configure:6414: /mingw64/bin/nm -B conftest.o | sed -n -e 's/^.*[	 ]\([ABCDGIRSTW][ABCDGIRSTW]*\)[	 ][	 ]*\([_A-Za-z][_A-Za-z0-9]*\)\{0,1\}$/\1 \2 \2/p' | sed '/ __gnu_lto/d' > conftest.nm
configure:6480: gcc -o conftest.exe -g -O2   conftest.c conftstm.o >&5
configure:6483: $? = 0
configure:6521: result: ok
configure:6568: checking for sysroot
configure:6598: result: no
configure:6605: checking for a working dd
configure:6643: result: /usr/bin/dd
configure:6647: checking how to truncate binary pipes
configure:6662: result: /usr/bin/dd bs=4096 count=1
configure:6991: checking for mt
configure:7021: result: no
configure:7041: checking if : is a manifest tool
configure:7047: : '-?'
configure:7055: result: no
configure:7728: checking for ANSI C header files
configure:7748: gcc -c -g -O2  conftest.c >&5
configure:7748: $? = 0
configure:7821: gcc -o conftest.exe -g -O2   conftest.c  >&5
configure:7821: $? = 0
configure:7821: ./conftest.exe
configure:7821: $? = 0
configure:7832: result: yes
configure:7845: checking for sys/types.h
configure:7845: gcc -c -g -O2  conftest.c >&5
configure:7845: $? = 0
configure:7845: result: yes
configure:7845: checking for sys/stat.h
configure:7845: gcc -c -g -O2  conftest.c >&5
configure:7845: $? = 0
configure:7845: result: yes
configure:7845: checking for stdlib.h
configure:7845: gcc -c -g -O2  conftest.c >&5
configure:7845: $? = 0
configure:7845: result: yes
configure:7845: checking for string.h
configure:7845: gcc -c -g -O2  conftest.c >&5
configure:7845: $? = 0
configure:7845: result: yes
configure:7845: checking for memory.h
configure:7845: gcc -c -g -O2  conftest.c >&5
configure:7845: $? = 0
configure:7845: result: yes
configure:7845: checking for strings.h
configure:7845: gcc -c -g -O2  conftest.c >&5
configure:7845: $? = 0
configure:7845: result: yes
configure:7845: checking for inttypes.h
configure:7845: gcc -c -g -O2  conftest.c >&5
configure:7845: $? = 0
configure:7845: result: yes
configure:7845: checking for stdint.h
configure:7845: gcc -c -g -O2  conftest.c >&5
configure:7845: $? = 0
configure:7845: result: yes
configure:7845: checking for unistd.h
configure:7845: gcc -c -g -O2  conftest.c >&5
configure:7845: $? = 0
configure:7845: result: yes
configure:7859: checking for dlfcn.h
configure:7859: gcc -c -g -O2  conftest.c >&5
conftest.c:55:10: fatal error: dlfcn.h: No such file or directory
   55 | #include <dlfcn.h>
      |          ^~~~~~~~~
compilation terminated.
configure:7859: $? = 1
configure: failed program was:
| /* confdefs.h */
| #define PACKAGE_NAME "libosip2"
| #define PACKAGE_TARNAME "libosip2"
| #define PACKAGE_VERSION "5.2.1"
| #define PACKAGE_STRING "libosip2 5.2.1"
| #define PACKAGE_BUGREPORT ""
| #define PACKAGE_URL ""
| #define PACKAGE "libosip2"
| #define VERSION "5.2.1"
| #define STDC_HEADERS 1
| #define HAVE_SYS_TYPES_H 1
| #define HAVE_SYS_STAT_H 1
| #define HAVE_STDLIB_H 1
| #define HAVE_STRING_H 1
| #define HAVE_MEMORY_H 1
| #define HAVE_STRINGS_H 1
| #define HAVE_INTTYPES_H 1
| #define HAVE_STDINT_H 1
| #define HAVE_UNISTD_H 1
| /* end confdefs.h.  */
| #include <stdio.h>
| #ifdef HAVE_SYS_TYPES_H
| # include <sys/types.h>
| #endif
| #ifdef HAVE_SYS_STAT_H
| # include <sys/stat.h>
| #endif
| #ifdef STDC_HEADERS
| # include <stdlib.h>
| # include <stddef.h>
| #else
| # ifdef HAVE_STDLIB_H
| #  include <stdlib.h>
| # endif
| #endif
| #ifdef HAVE_STRING_H
| # if !defined STDC_HEADERS && defined HAVE_MEMORY_H
| #  include <memory.h>
| # endif
| # include <string.h>
| #endif
| #ifdef HAVE_STRINGS_H
| # include <strings.h>
| #endif
| #ifdef HAVE_INTTYPES_H
| # include <inttypes.h>
| #endif
| #ifdef HAVE_STDINT_H
| # include <stdint.h>
| #endif
| #ifdef HAVE_UNISTD_H
| # include <unistd.h>
| #endif
| 
| #include <dlfcn.h>
configure:7859: result: no
configure:8115: checking for objdir
configure:8130: result: .libs
configure:8394: checking if gcc supports -fno-rtti -fno-exceptions
configure:8412: gcc -c -g -O2  -fno-rtti -fno-exceptions conftest.c >&5
cc1.exe: warning: command-line option '-fno-rtti' is valid for C++/D/ObjC++ but not for C
configure:8416: $? = 0
configure:8429: result: no
configure:8787: checking for gcc option to produce PIC
configure:8794: result: -DDLL_EXPORT -DPIC
configure:8802: checking if gcc PIC flag -DDLL_EXPORT -DPIC works
configure:8820: gcc -c -g -O2  -DDLL_EXPORT -DPIC -DPIC conftest.c >&5
configure:8824: $? = 0
configure:8837: result: yes
configure:8866: checking if gcc static flag -static works
configure:8894: result: yes
configure:8909: checking if gcc supports -c -o file.o
configure:8930: gcc -c -g -O2  -o out/conftest2.o conftest.c >&5
configure:8934: $? = 0
configure:8956: result: yes
configure:8964: checking if gcc supports -c -o file.o
configure:9011: result: yes
configure:9044: checking whether the gcc linker (C:/DEVPACK/msys64/mingw64/x86_64-w64-mingw32/bin/ld.exe) supports shared libraries
configure:10307: result: yes
configure:10344: checking whether -lc should be explicitly linked in
configure:10352: gcc -c -g -O2  conftest.c >&5
configure:10355: $? = 0
configure:10370: gcc -shared conftest.o  -v -o ./conftest -Wl,--enable-auto-image-base -Xlinker --out-implib -Xlinker conftest 2\>\&1 \| /usr/bin/grep  -lc  \>/dev/null 2\>\&1
configure:10373: $? = 1
configure:10387: result: yes
configure:10547: checking dynamic linker characteristics
configure:11377: result: Win32 ld.exe
configure:11499: checking how to hardcode library paths into programs
configure:11524: result: immediate
configure:12072: checking whether stripping libraries is possible
configure:12077: result: yes
configure:12112: checking if libtool supports shared libraries
configure:12114: result: yes
configure:12117: checking whether to build shared libraries
configure:12142: result: yes
configure:12145: checking whether to build static libraries
configure:12149: result: yes
configure:12385: checking if compiler needs -Werror to reject unknown flags
configure:12401: gcc -c -g -O2 -Werror -Wunknown-warning-option -Wsizeof-array-argument  conftest.c >&5
gcc.exe: error: unrecognized command-line option '-Wunknown-warning-option'
configure:12401: $? = 1
configure: failed program was:
| /* confdefs.h */
| #define PACKAGE_NAME "libosip2"
| #define PACKAGE_TARNAME "libosip2"
| #define PACKAGE_VERSION "5.2.1"
| #define PACKAGE_STRING "libosip2 5.2.1"
| #define PACKAGE_BUGREPORT ""
| #define PACKAGE_URL ""
| #define PACKAGE "libosip2"
| #define VERSION "5.2.1"
| #define STDC_HEADERS 1
| #define HAVE_SYS_TYPES_H 1
| #define HAVE_SYS_STAT_H 1
| #define HAVE_STDLIB_H 1
| #define HAVE_STRING_H 1
| #define HAVE_MEMORY_H 1
| #define HAVE_STRINGS_H 1
| #define HAVE_INTTYPES_H 1
| #define HAVE_STDINT_H 1
| #define HAVE_UNISTD_H 1
| #define LT_OBJDIR ".libs/"
| /* end confdefs.h.  */
| int foo(void);
| int
| main ()
| {
| foo()
|   ;
|   return 0;
| }
configure:12406: result: no
configure:12472: checking for the pthreads library -lpthreads
configure:12510: gcc -o conftest.exe -g -O2     conftest.c -lpthreads  >&5
C:/DEVPACK/msys64/mingw64/bin/../lib/gcc/x86_64-w64-mingw32/10.3.0/../../../../x86_64-w64-mingw32/bin/ld.exe: cannot find -lpthreads
collect2.exe: error: ld returned 1 exit status
configure:12510: $? = 1
configure: failed program was:
| /* confdefs.h */
| #define PACKAGE_NAME "libosip2"
| #define PACKAGE_TARNAME "libosip2"
| #define PACKAGE_VERSION "5.2.1"
| #define PACKAGE_STRING "libosip2 5.2.1"
| #define PACKAGE_BUGREPORT ""
| #define PACKAGE_URL ""
| #define PACKAGE "libosip2"
| #define VERSION "5.2.1"
| #define STDC_HEADERS 1
| #define HAVE_SYS_TYPES_H 1
| #define HAVE_SYS_STAT_H 1
| #define HAVE_STDLIB_H 1
| #define HAVE_STRING_H 1
| #define HAVE_MEMORY_H 1
| #define HAVE_STRINGS_H 1
| #define HAVE_INTTYPES_H 1
| #define HAVE_STDINT_H 1
| #define HAVE_UNISTD_H 1
| #define LT_OBJDIR ".libs/"
| /* end confdefs.h.  */
| #include <pthread.h>
|                         static void routine(void *a) { a = 0; }
|                         static void *start_routine(void *a) { return a; }
| int
| main ()
| {
| pthread_t th; pthread_attr_t attr;
|                         pthread_create(&th, 0, start_routine, 0);
|                         pthread_join(th, 0);
|                         pthread_attr_init(&attr);
|                         pthread_cleanup_push(routine, 0);
|                         pthread_cleanup_pop(0) /* ; */
|   ;
|   return 0;
| }
configure:12519: result: no
configure:12417: checking whether pthreads work without any flags
configure:12510: gcc -o conftest.exe -g -O2     conftest.c   >&5
configure:12510: $? = 0
configure:12519: result: yes
configure:12538: checking for joinable pthread attribute
configure:12553: gcc -o conftest.exe -g -O2    conftest.c   >&5
configure:12553: $? = 0
configure:12559: result: PTHREAD_CREATE_JOINABLE
configure:12569: checking if more special flags are required for pthreads
configure:12584: result: no
configure:12590: checking for PTHREAD_PRIO_INHERIT
configure:12607: gcc -o conftest.exe -g -O2    conftest.c   >&5
configure:12607: $? = 0
configure:12616: result: yes
configure:12754: checking semaphore.h usability
configure:12754: gcc -c -g -O2   conftest.c >&5
configure:12754: $? = 0
configure:12754: result: yes
configure:12754: checking semaphore.h presence
configure:12754: gcc -E  conftest.c
configure:12754: $? = 0
configure:12754: result: yes
configure:12754: checking for semaphore.h
configure:12754: result: yes
configure:12766: checking sys/sem.h usability
configure:12766: gcc -c -g -O2   conftest.c >&5
conftest.c:58:10: fatal error: sys/sem.h: No such file or directory
   58 | #include <sys/sem.h>
      |          ^~~~~~~~~~~
compilation terminated.
configure:12766: $? = 1
configure: failed program was:
| /* confdefs.h */
| #define PACKAGE_NAME "libosip2"
| #define PACKAGE_TARNAME "libosip2"
| #define PACKAGE_VERSION "5.2.1"
| #define PACKAGE_STRING "libosip2 5.2.1"
| #define PACKAGE_BUGREPORT ""
| #define PACKAGE_URL ""
| #define PACKAGE "libosip2"
| #define VERSION "5.2.1"
| #define STDC_HEADERS 1
| #define HAVE_SYS_TYPES_H 1
| #define HAVE_SYS_STAT_H 1
| #define HAVE_STDLIB_H 1
| #define HAVE_STRING_H 1
| #define HAVE_MEMORY_H 1
| #define HAVE_STRINGS_H 1
| #define HAVE_INTTYPES_H 1
| #define HAVE_STDINT_H 1
| #define HAVE_UNISTD_H 1
| #define LT_OBJDIR ".libs/"
| #define HAVE_PTHREAD_PRIO_INHERIT 1
| #define HAVE_PTHREAD 1
| #define HAVE_SEMAPHORE_H 1
| /* end confdefs.h.  */
| #include <stdio.h>
| #ifdef HAVE_SYS_TYPES_H
| # include <sys/types.h>
| #endif
| #ifdef HAVE_SYS_STAT_H
| # include <sys/stat.h>
| #endif
| #ifdef STDC_HEADERS
| # include <stdlib.h>
| # include <stddef.h>
| #else
| # ifdef HAVE_STDLIB_H
| #  include <stdlib.h>
| # endif
| #endif
| #ifdef HAVE_STRING_H
| # if !defined STDC_HEADERS && defined HAVE_MEMORY_H
| #  include <memory.h>
| # endif
| # include <string.h>
| #endif
| #ifdef HAVE_STRINGS_H
| # include <strings.h>
| #endif
| #ifdef HAVE_INTTYPES_H
| # include <inttypes.h>
| #endif
| #ifdef HAVE_STDINT_H
| # include <stdint.h>
| #endif
| #ifdef HAVE_UNISTD_H
| # include <unistd.h>
| #endif
| #include <sys/sem.h>
configure:12766: result: no
configure:12766: checking sys/sem.h presence
configure:12766: gcc -E  conftest.c
conftest.c:25:10: fatal error: sys/sem.h: No such file or directory
   25 | #include <sys/sem.h>
      |          ^~~~~~~~~~~
compilation terminated.
configure:12766: $? = 1
configure: failed program was:
| /* confdefs.h */
| #define PACKAGE_NAME "libosip2"
| #define PACKAGE_TARNAME "libosip2"
| #define PACKAGE_VERSION "5.2.1"
| #define PACKAGE_STRING "libosip2 5.2.1"
| #define PACKAGE_BUGREPORT ""
| #define PACKAGE_URL ""
| #define PACKAGE "libosip2"
| #define VERSION "5.2.1"
| #define STDC_HEADERS 1
| #define HAVE_SYS_TYPES_H 1
| #define HAVE_SYS_STAT_H 1
| #define HAVE_STDLIB_H 1
| #define HAVE_STRING_H 1
| #define HAVE_MEMORY_H 1
| #define HAVE_STRINGS_H 1
| #define HAVE_INTTYPES_H 1
| #define HAVE_STDINT_H 1
| #define HAVE_UNISTD_H 1
| #define LT_OBJDIR ".libs/"
| #define HAVE_PTHREAD_PRIO_INHERIT 1
| #define HAVE_PTHREAD 1
| #define HAVE_SEMAPHORE_H 1
| /* end confdefs.h.  */
| #include <sys/sem.h>
configure:12766: result: no
configure:12766: checking for sys/sem.h
configure:12766: result: no
configure:12856: checking for sem_open in -lposix4
configure:12881: gcc -o conftest.exe -g -O2    conftest.c -lposix4    >&5
C:/DEVPACK/msys64/mingw64/bin/../lib/gcc/x86_64-w64-mingw32/10.3.0/../../../../x86_64-w64-mingw32/bin/ld.exe: cannot find -lposix4
collect2.exe: error: ld returned 1 exit status
configure:12881: $? = 1
configure: failed program was:
| /* confdefs.h */
| #define PACKAGE_NAME "libosip2"
| #define PACKAGE_TARNAME "libosip2"
| #define PACKAGE_VERSION "5.2.1"
| #define PACKAGE_STRING "libosip2 5.2.1"
| #define PACKAGE_BUGREPORT ""
| #define PACKAGE_URL ""
| #define PACKAGE "libosip2"
| #define VERSION "5.2.1"
| #define STDC_HEADERS 1
| #define HAVE_SYS_TYPES_H 1
| #define HAVE_SYS_STAT_H 1
| #define HAVE_STDLIB_H 1
| #define HAVE_STRING_H 1
| #define HAVE_MEMORY_H 1
| #define HAVE_STRINGS_H 1
| #define HAVE_INTTYPES_H 1
| #define HAVE_STDINT_H 1
| #define HAVE_UNISTD_H 1
| #define LT_OBJDIR ".libs/"
| #define HAVE_PTHREAD_PRIO_INHERIT 1
| #define HAVE_PTHREAD 1
| #define HAVE_SEMAPHORE_H 1
| /* end confdefs.h.  */
| 
| /* Override any GCC internal prototype to avoid an error.
|    Use char because int might match the return type of a GCC
|    builtin and then its argument prototype would still apply.  */
| #ifdef __cplusplus
| extern "C"
| #endif
| char sem_open ();
| int
| main ()
| {
| return sem_open ();
|   ;
|   return 0;
| }
configure:12890: result: no
configure:12896: checking for nis_add in -lnsl
configure:12921: gcc -o conftest.exe -g -O2    conftest.c -lnsl    >&5
C:/DEVPACK/msys64/mingw64/bin/../lib/gcc/x86_64-w64-mingw32/10.3.0/../../../../x86_64-w64-mingw32/bin/ld.exe: cannot find -lnsl
collect2.exe: error: ld returned 1 exit status
configure:12921: $? = 1
configure: failed program was:
| /* confdefs.h */
| #define PACKAGE_NAME "libosip2"
| #define PACKAGE_TARNAME "libosip2"
| #define PACKAGE_VERSION "5.2.1"
| #define PACKAGE_STRING "libosip2 5.2.1"
| #define PACKAGE_BUGREPORT ""
| #define PACKAGE_URL ""
| #define PACKAGE "libosip2"
| #define VERSION "5.2.1"
| #define STDC_HEADERS 1
| #define HAVE_SYS_TYPES_H 1
| #define HAVE_SYS_STAT_H 1
| #define HAVE_STDLIB_H 1
| #define HAVE_STRING_H 1
| #define HAVE_MEMORY_H 1
| #define HAVE_STRINGS_H 1
| #define HAVE_INTTYPES_H 1
| #define HAVE_STDINT_H 1
| #define HAVE_UNISTD_H 1
| #define LT_OBJDIR ".libs/"
| #define HAVE_PTHREAD_PRIO_INHERIT 1
| #define HAVE_PTHREAD 1
| #define HAVE_SEMAPHORE_H 1
| /* end confdefs.h.  */
| 
| /* Override any GCC internal prototype to avoid an error.
|    Use char because int might match the return type of a GCC
|    builtin and then its argument prototype would still apply.  */
| #ifdef __cplusplus
| extern "C"
| #endif
| char nis_add ();
| int
| main ()
| {
| return nis_add ();
|   ;
|   return 0;
| }
configure:12930: result: no
configure:12936: checking for sendto in -lsocket
configure:12961: gcc -o conftest.exe -g -O2    conftest.c -lsocket    >&5
C:/DEVPACK/msys64/mingw64/bin/../lib/gcc/x86_64-w64-mingw32/10.3.0/../../../../x86_64-w64-mingw32/bin/ld.exe: cannot find -lsocket
collect2.exe: error: ld returned 1 exit status
configure:12961: $? = 1
configure: failed program was:
| /* confdefs.h */
| #define PACKAGE_NAME "libosip2"
| #define PACKAGE_TARNAME "libosip2"
| #define PACKAGE_VERSION "5.2.1"
| #define PACKAGE_STRING "libosip2 5.2.1"
| #define PACKAGE_BUGREPORT ""
| #define PACKAGE_URL ""
| #define PACKAGE "libosip2"
| #define VERSION "5.2.1"
| #define STDC_HEADERS 1
| #define HAVE_SYS_TYPES_H 1
| #define HAVE_SYS_STAT_H 1
| #define HAVE_STDLIB_H 1
| #define HAVE_STRING_H 1
| #define HAVE_MEMORY_H 1
| #define HAVE_STRINGS_H 1
| #define HAVE_INTTYPES_H 1
| #define HAVE_STDINT_H 1
| #define HAVE_UNISTD_H 1
| #define LT_OBJDIR ".libs/"
| #define HAVE_PTHREAD_PRIO_INHERIT 1
| #define HAVE_PTHREAD 1
| #define HAVE_SEMAPHORE_H 1
| /* end confdefs.h.  */
| 
| /* Override any GCC internal prototype to avoid an error.
|    Use char because int might match the return type of a GCC
|    builtin and then its argument prototype would still apply.  */
| #ifdef __cplusplus
| extern "C"
| #endif
| char sendto ();
| int
| main ()
| {
| return sendto ();
|   ;
|   return 0;
| }
configure:12970: result: no
configure:12976: checking for lrand48 in -lc
configure:13001: gcc -o conftest.exe -g -O2    conftest.c -lc    >&5
C:/DEVPACK/msys64/mingw64/bin/../lib/gcc/x86_64-w64-mingw32/10.3.0/../../../../x86_64-w64-mingw32/bin/ld.exe: cannot find -lc
collect2.exe: error: ld returned 1 exit status
configure:13001: $? = 1
configure: failed program was:
| /* confdefs.h */
| #define PACKAGE_NAME "libosip2"
| #define PACKAGE_TARNAME "libosip2"
| #define PACKAGE_VERSION "5.2.1"
| #define PACKAGE_STRING "libosip2 5.2.1"
| #define PACKAGE_BUGREPORT ""
| #define PACKAGE_URL ""
| #define PACKAGE "libosip2"
| #define VERSION "5.2.1"
| #define STDC_HEADERS 1
| #define HAVE_SYS_TYPES_H 1
| #define HAVE_SYS_STAT_H 1
| #define HAVE_STDLIB_H 1
| #define HAVE_STRING_H 1
| #define HAVE_MEMORY_H 1
| #define HAVE_STRINGS_H 1
| #define HAVE_INTTYPES_H 1
| #define HAVE_STDINT_H 1
| #define HAVE_UNISTD_H 1
| #define LT_OBJDIR ".libs/"
| #define HAVE_PTHREAD_PRIO_INHERIT 1
| #define HAVE_PTHREAD 1
| #define HAVE_SEMAPHORE_H 1
| /* end confdefs.h.  */
| 
| /* Override any GCC internal prototype to avoid an error.
|    Use char because int might match the return type of a GCC
|    builtin and then its argument prototype would still apply.  */
| #ifdef __cplusplus
| extern "C"
| #endif
| char lrand48 ();
| int
| main ()
| {
| return lrand48 ();
|   ;
|   return 0;
| }
configure:13010: result: no
configure:13018: checking for clock_gettime in -lrt
configure:13043: gcc -o conftest.exe -g -O2    conftest.c -lrt    >&5
C:/DEVPACK/msys64/mingw64/bin/../lib/gcc/x86_64-w64-mingw32/10.3.0/../../../../x86_64-w64-mingw32/bin/ld.exe: cannot find -lrt
collect2.exe: error: ld returned 1 exit status
configure:13043: $? = 1
configure: failed program was:
| /* confdefs.h */
| #define PACKAGE_NAME "libosip2"
| #define PACKAGE_TARNAME "libosip2"
| #define PACKAGE_VERSION "5.2.1"
| #define PACKAGE_STRING "libosip2 5.2.1"
| #define PACKAGE_BUGREPORT ""
| #define PACKAGE_URL ""
| #define PACKAGE "libosip2"
| #define VERSION "5.2.1"
| #define STDC_HEADERS 1
| #define HAVE_SYS_TYPES_H 1
| #define HAVE_SYS_STAT_H 1
| #define HAVE_STDLIB_H 1
| #define HAVE_STRING_H 1
| #define HAVE_MEMORY_H 1
| #define HAVE_STRINGS_H 1
| #define HAVE_INTTYPES_H 1
| #define HAVE_STDINT_H 1
| #define HAVE_UNISTD_H 1
| #define LT_OBJDIR ".libs/"
| #define HAVE_PTHREAD_PRIO_INHERIT 1
| #define HAVE_PTHREAD 1
| #define HAVE_SEMAPHORE_H 1
| /* end confdefs.h.  */
| 
| /* Override any GCC internal prototype to avoid an error.
|    Use char because int might match the return type of a GCC
|    builtin and then its argument prototype would still apply.  */
| #ifdef __cplusplus
| extern "C"
| #endif
| char clock_gettime ();
| int
| main ()
| {
| return clock_gettime ();
|   ;
|   return 0;
| }
configure:13052: result: no
configure:13061: checking for localtime
configure:13061: gcc -o conftest.exe -g -O2    conftest.c   >&5
configure:13061: $? = 0
configure:13061: result: yes
configure:13071: checking whether -Wall works
configure:13090: gcc -c -g -O2  -Wall conftest.c >&5
configure:13090: $? = 0
configure:13099: result: yes
configure:13106: checking whether -Wcast-align works
configure:13125: gcc -c -g -O2  -Wcast-align conftest.c >&5
configure:13125: $? = 0
configure:13134: result: yes
configure:13141: checking whether -Wchar-subscripts works
configure:13160: gcc -c -g -O2  -Wchar-subscripts conftest.c >&5
configure:13160: $? = 0
configure:13169: result: yes
configure:13176: checking whether -Wformat works
configure:13195: gcc -c -g -O2  -Wformat conftest.c >&5
configure:13195: $? = 0
configure:13204: result: yes
configure:13211: checking whether -Winline works
configure:13230: gcc -c -g -O2  -Winline conftest.c >&5
configure:13230: $? = 0
configure:13239: result: yes
configure:13246: checking whether -Wmissing-declarations works
configure:13265: gcc -c -g -O2  -Wmissing-declarations conftest.c >&5
configure:13265: $? = 0
configure:13274: result: yes
configure:13281: checking whether -Wmissing-prototypes works
configure:13300: gcc -c -g -O2  -Wmissing-prototypes conftest.c >&5
configure:13300: $? = 0
configure:13309: result: yes
configure:13316: checking whether -Wnested-externs works
configure:13335: gcc -c -g -O2  -Wnested-externs conftest.c >&5
configure:13335: $? = 0
configure:13344: result: yes
configure:13351: checking whether -Wpointer-arith works
configure:13370: gcc -c -g -O2  -Wpointer-arith conftest.c >&5
configure:13370: $? = 0
configure:13379: result: yes
configure:13398: checking for ANSI C header files
configure:13502: result: yes
configure:13512: checking for string.h
configure:13512: result: yes
configure:13524: checking for strings.h
configure:13524: result: yes
configure:13536: checking for stdlib.h
configure:13536: result: yes
configure:13548: checking for unistd.h
configure:13548: result: yes
configure:13560: checking for sys/types.h
configure:13560: result: yes
configure:13573: checking sys/unistd.h usability
configure:13573: gcc -c -g -O2   -Wall -Wcast-align -Wchar-subscripts -Wformat -Winline -Wmissing-declarations -Wmissing-prototypes -Wnested-externs -Wpointer-arith conftest.c >&5
configure:13573: $? = 0
configure:13573: result: yes
configure:13573: checking sys/unistd.h presence
configure:13573: gcc -E  -Wall -Wcast-align -Wchar-subscripts -Wformat -Winline -Wmissing-declarations -Wmissing-prototypes -Wnested-externs -Wpointer-arith conftest.c
configure:13573: $? = 0
configure:13573: result: yes
configure:13573: checking for sys/unistd.h
configure:13573: result: yes
configure:13585: checking syslog.h usability
configure:13585: gcc -c -g -O2   -Wall -Wcast-align -Wchar-subscripts -Wformat -Winline -Wmissing-declarations -Wmissing-prototypes -Wnested-externs -Wpointer-arith conftest.c >&5
conftest.c:66:10: fatal error: syslog.h: No such file or directory
   66 | #include <syslog.h>
      |          ^~~~~~~~~~
compilation terminated.
configure:13585: $? = 1
configure: failed program was:
| /* confdefs.h */
| #define PACKAGE_NAME "libosip2"
| #define PACKAGE_TARNAME "libosip2"
| #define PACKAGE_VERSION "5.2.1"
| #define PACKAGE_STRING "libosip2 5.2.1"
| #define PACKAGE_BUGREPORT ""
| #define PACKAGE_URL ""
| #define PACKAGE "libosip2"
| #define VERSION "5.2.1"
| #define STDC_HEADERS 1
| #define HAVE_SYS_TYPES_H 1
| #define HAVE_SYS_STAT_H 1
| #define HAVE_STDLIB_H 1
| #define HAVE_STRING_H 1
| #define HAVE_MEMORY_H 1
| #define HAVE_STRINGS_H 1
| #define HAVE_INTTYPES_H 1
| #define HAVE_STDINT_H 1
| #define HAVE_UNISTD_H 1
| #define LT_OBJDIR ".libs/"
| #define HAVE_PTHREAD_PRIO_INHERIT 1
| #define HAVE_PTHREAD 1
| #define HAVE_SEMAPHORE_H 1
| #define HAVE_LOCALTIME 1
| #define STDC_HEADERS 1
| #define HAVE_STRING_H 1
| #define HAVE_STRINGS_H 1
| #define HAVE_STDLIB_H 1
| #define HAVE_UNISTD_H 1
| #define HAVE_SYS_TYPES_H 1
| #define HAVE_SYS_UNISTD_H 1
| /* end confdefs.h.  */
| #include <stdio.h>
| #ifdef HAVE_SYS_TYPES_H
| # include <sys/types.h>
| #endif
| #ifdef HAVE_SYS_STAT_H
| # include <sys/stat.h>
| #endif
| #ifdef STDC_HEADERS
| # include <stdlib.h>
| # include <stddef.h>
| #else
| # ifdef HAVE_STDLIB_H
| #  include <stdlib.h>
| # endif
| #endif
| #ifdef HAVE_STRING_H
| # if !defined STDC_HEADERS && defined HAVE_MEMORY_H
| #  include <memory.h>
| # endif
| # include <string.h>
| #endif
| #ifdef HAVE_STRINGS_H
| # include <strings.h>
| #endif
| #ifdef HAVE_INTTYPES_H
| # include <inttypes.h>
| #endif
| #ifdef HAVE_STDINT_H
| # include <stdint.h>
| #endif
| #ifdef HAVE_UNISTD_H
| # include <unistd.h>
| #endif
| #include <syslog.h>
configure:13585: result: no
configure:13585: checking syslog.h presence
configure:13585: gcc -E  -Wall -Wcast-align -Wchar-subscripts -Wformat -Winline -Wmissing-declarations -Wmissing-prototypes -Wnested-externs -Wpointer-arith conftest.c
conftest.c:33:10: fatal error: syslog.h: No such file or directory
   33 | #include <syslog.h>
      |          ^~~~~~~~~~
compilation terminated.
configure:13585: $? = 1
configure: failed program was:
| /* confdefs.h */
| #define PACKAGE_NAME "libosip2"
| #define PACKAGE_TARNAME "libosip2"
| #define PACKAGE_VERSION "5.2.1"
| #define PACKAGE_STRING "libosip2 5.2.1"
| #define PACKAGE_BUGREPORT ""
| #define PACKAGE_URL ""
| #define PACKAGE "libosip2"
| #define VERSION "5.2.1"
| #define STDC_HEADERS 1
| #define HAVE_SYS_TYPES_H 1
| #define HAVE_SYS_STAT_H 1
| #define HAVE_STDLIB_H 1
| #define HAVE_STRING_H 1
| #define HAVE_MEMORY_H 1
| #define HAVE_STRINGS_H 1
| #define HAVE_INTTYPES_H 1
| #define HAVE_STDINT_H 1
| #define HAVE_UNISTD_H 1
| #define LT_OBJDIR ".libs/"
| #define HAVE_PTHREAD_PRIO_INHERIT 1
| #define HAVE_PTHREAD 1
| #define HAVE_SEMAPHORE_H 1
| #define HAVE_LOCALTIME 1
| #define STDC_HEADERS 1
| #define HAVE_STRING_H 1
| #define HAVE_STRINGS_H 1
| #define HAVE_STDLIB_H 1
| #define HAVE_UNISTD_H 1
| #define HAVE_SYS_TYPES_H 1
| #define HAVE_SYS_UNISTD_H 1
| /* end confdefs.h.  */
| #include <syslog.h>
configure:13585: result: no
configure:13585: checking for syslog.h
configure:13585: result: no
configure:13597: checking ctype.h usability
configure:13597: gcc -c -g -O2   -Wall -Wcast-align -Wchar-subscripts -Wformat -Winline -Wmissing-declarations -Wmissing-prototypes -Wnested-externs -Wpointer-arith conftest.c >&5
configure:13597: $? = 0
configure:13597: result: yes
configure:13597: checking ctype.h presence
configure:13597: gcc -E  -Wall -Wcast-align -Wchar-subscripts -Wformat -Winline -Wmissing-declarations -Wmissing-prototypes -Wnested-externs -Wpointer-arith conftest.c
configure:13597: $? = 0
configure:13597: result: yes
configure:13597: checking for ctype.h
configure:13597: result: yes
configure:13609: checking stdio.h usability
configure:13609: gcc -c -g -O2   -Wall -Wcast-align -Wchar-subscripts -Wformat -Winline -Wmissing-declarations -Wmissing-prototypes -Wnested-externs -Wpointer-arith conftest.c >&5
configure:13609: $? = 0
configure:13609: result: yes
configure:13609: checking stdio.h presence
configure:13609: gcc -E  -Wall -Wcast-align -Wchar-subscripts -Wformat -Winline -Wmissing-declarations -Wmissing-prototypes -Wnested-externs -Wpointer-arith conftest.c
configure:13609: $? = 0
configure:13609: result: yes
configure:13609: checking for stdio.h
configure:13609: result: yes
configure:13621: checking stdarg.h usability
configure:13621: gcc -c -g -O2   -Wall -Wcast-align -Wchar-subscripts -Wformat -Winline -Wmissing-declarations -Wmissing-prototypes -Wnested-externs -Wpointer-arith conftest.c >&5
configure:13621: $? = 0
configure:13621: result: yes
configure:13621: checking stdarg.h presence
configure:13621: gcc -E  -Wall -Wcast-align -Wchar-subscripts -Wformat -Winline -Wmissing-declarations -Wmissing-prototypes -Wnested-externs -Wpointer-arith conftest.c
configure:13621: $? = 0
configure:13621: result: yes
configure:13621: checking for stdarg.h
configure:13621: result: yes
configure:13633: checking varargs.h usability
configure:13633: gcc -c -g -O2   -Wall -Wcast-align -Wchar-subscripts -Wformat -Winline -Wmissing-declarations -Wmissing-prototypes -Wnested-externs -Wpointer-arith conftest.c >&5
In file included from conftest.c:69:
C:/DEVPACK/msys64/mingw64/lib/gcc/x86_64-w64-mingw32/10.3.0/include/varargs.h:4:2: error: #error "GCC no longer implements <varargs.h>."
    4 | #error "GCC no longer implements <varargs.h>."
      |  ^~~~~
C:/DEVPACK/msys64/mingw64/lib/gcc/x86_64-w64-mingw32/10.3.0/include/varargs.h:5:2: error: #error "Revise your code to use <stdarg.h>."
    5 | #error "Revise your code to use <stdarg.h>."
      |  ^~~~~
configure:13633: $? = 1
configure: failed program was:
| /* confdefs.h */
| #define PACKAGE_NAME "libosip2"
| #define PACKAGE_TARNAME "libosip2"
| #define PACKAGE_VERSION "5.2.1"
| #define PACKAGE_STRING "libosip2 5.2.1"
| #define PACKAGE_BUGREPORT ""
| #define PACKAGE_URL ""
| #define PACKAGE "libosip2"
| #define VERSION "5.2.1"
| #define STDC_HEADERS 1
| #define HAVE_SYS_TYPES_H 1
| #define HAVE_SYS_STAT_H 1
| #define HAVE_STDLIB_H 1
| #define HAVE_STRING_H 1
| #define HAVE_MEMORY_H 1
| #define HAVE_STRINGS_H 1
| #define HAVE_INTTYPES_H 1
| #define HAVE_STDINT_H 1
| #define HAVE_UNISTD_H 1
| #define LT_OBJDIR ".libs/"
| #define HAVE_PTHREAD_PRIO_INHERIT 1
| #define HAVE_PTHREAD 1
| #define HAVE_SEMAPHORE_H 1
| #define HAVE_LOCALTIME 1
| #define STDC_HEADERS 1
| #define HAVE_STRING_H 1
| #define HAVE_STRINGS_H 1
| #define HAVE_STDLIB_H 1
| #define HAVE_UNISTD_H 1
| #define HAVE_SYS_TYPES_H 1
| #define HAVE_SYS_UNISTD_H 1
| #define HAVE_CTYPE_H 1
| #define HAVE_STDIO_H 1
| #define HAVE_STDARG_H 1
| /* end confdefs.h.  */
| #include <stdio.h>
| #ifdef HAVE_SYS_TYPES_H
| # include <sys/types.h>
| #endif
| #ifdef HAVE_SYS_STAT_H
| # include <sys/stat.h>
| #endif
| #ifdef STDC_HEADERS
| # include <stdlib.h>
| # include <stddef.h>
| #else
| # ifdef HAVE_STDLIB_H
| #  include <stdlib.h>
| # endif
| #endif
| #ifdef HAVE_STRING_H
| # if !defined STDC_HEADERS && defined HAVE_MEMORY_H
| #  include <memory.h>
| # endif
| # include <string.h>
| #endif
| #ifdef HAVE_STRINGS_H
| # include <strings.h>
| #endif
| #ifdef HAVE_INTTYPES_H
| # include <inttypes.h>
| #endif
| #ifdef HAVE_STDINT_H
| # include <stdint.h>
| #endif
| #ifdef HAVE_UNISTD_H
| # include <unistd.h>
| #endif
| #include <varargs.h>
configure:13633: result: no
configure:13633: checking varargs.h presence
configure:13633: gcc -E  -Wall -Wcast-align -Wchar-subscripts -Wformat -Winline -Wmissing-declarations -Wmissing-prototypes -Wnested-externs -Wpointer-arith conftest.c
In file included from conftest.c:36:
C:/DEVPACK/msys64/mingw64/lib/gcc/x86_64-w64-mingw32/10.3.0/include/varargs.h:4:2: error: #error "GCC no longer implements <varargs.h>."
    4 | #error "GCC no longer implements <varargs.h>."
      |  ^~~~~
C:/DEVPACK/msys64/mingw64/lib/gcc/x86_64-w64-mingw32/10.3.0/include/varargs.h:5:2: error: #error "Revise your code to use <stdarg.h>."
    5 | #error "Revise your code to use <stdarg.h>."
      |  ^~~~~
configure:13633: $? = 1
configure: failed program was:
| /* confdefs.h */
| #define PACKAGE_NAME "libosip2"
| #define PACKAGE_TARNAME "libosip2"
| #define PACKAGE_VERSION "5.2.1"
| #define PACKAGE_STRING "libosip2 5.2.1"
| #define PACKAGE_BUGREPORT ""
| #define PACKAGE_URL ""
| #define PACKAGE "libosip2"
| #define VERSION "5.2.1"
| #define STDC_HEADERS 1
| #define HAVE_SYS_TYPES_H 1
| #define HAVE_SYS_STAT_H 1
| #define HAVE_STDLIB_H 1
| #define HAVE_STRING_H 1
| #define HAVE_MEMORY_H 1
| #define HAVE_STRINGS_H 1
| #define HAVE_INTTYPES_H 1
| #define HAVE_STDINT_H 1
| #define HAVE_UNISTD_H 1
| #define LT_OBJDIR ".libs/"
| #define HAVE_PTHREAD_PRIO_INHERIT 1
| #define HAVE_PTHREAD 1
| #define HAVE_SEMAPHORE_H 1
| #define HAVE_LOCALTIME 1
| #define STDC_HEADERS 1
| #define HAVE_STRING_H 1
| #define HAVE_STRINGS_H 1
| #define HAVE_STDLIB_H 1
| #define HAVE_UNISTD_H 1
| #define HAVE_SYS_TYPES_H 1
| #define HAVE_SYS_UNISTD_H 1
| #define HAVE_CTYPE_H 1
| #define HAVE_STDIO_H 1
| #define HAVE_STDARG_H 1
| /* end confdefs.h.  */
| #include <varargs.h>
configure:13633: result: no
configure:13633: checking for varargs.h
configure:13633: result: no
configure:13645: checking fcntl.h usability
configure:13645: gcc -c -g -O2   -Wall -Wcast-align -Wchar-subscripts -Wformat -Winline -Wmissing-declarations -Wmissing-prototypes -Wnested-externs -Wpointer-arith conftest.c >&5
configure:13645: $? = 0
configure:13645: result: yes
configure:13645: checking fcntl.h presence
configure:13645: gcc -E  -Wall -Wcast-align -Wchar-subscripts -Wformat -Winline -Wmissing-declarations -Wmissing-prototypes -Wnested-externs -Wpointer-arith conftest.c
configure:13645: $? = 0
configure:13645: result: yes
configure:13645: checking for fcntl.h
configure:13645: result: yes
configure:13657: checking time.h usability
configure:13657: gcc -c -g -O2   -Wall -Wcast-align -Wchar-subscripts -Wformat -Winline -Wmissing-declarations -Wmissing-prototypes -Wnested-externs -Wpointer-arith conftest.c >&5
configure:13657: $? = 0
configure:13657: result: yes
configure:13657: checking time.h presence
configure:13657: gcc -E  -Wall -Wcast-align -Wchar-subscripts -Wformat -Winline -Wmissing-declarations -Wmissing-prototypes -Wnested-externs -Wpointer-arith conftest.c
configure:13657: $? = 0
configure:13657: result: yes
configure:13657: checking for time.h
configure:13657: result: yes
configure:13669: checking sys/time.h usability
configure:13669: gcc -c -g -O2   -Wall -Wcast-align -Wchar-subscripts -Wformat -Winline -Wmissing-declarations -Wmissing-prototypes -Wnested-externs -Wpointer-arith conftest.c >&5
configure:13669: $? = 0
configure:13669: result: yes
configure:13669: checking sys/time.h presence
configure:13669: gcc -E  -Wall -Wcast-align -Wchar-subscripts -Wformat -Winline -Wmissing-declarations -Wmissing-prototypes -Wnested-externs -Wpointer-arith conftest.c
configure:13669: $? = 0
configure:13669: result: yes
configure:13669: checking for sys/time.h
configure:13669: result: yes
configure:13681: checking sys/select.h usability
configure:13681: gcc -c -g -O2   -Wall -Wcast-align -Wchar-subscripts -Wformat -Winline -Wmissing-declarations -Wmissing-prototypes -Wnested-externs -Wpointer-arith conftest.c >&5
conftest.c:72:10: fatal error: sys/select.h: No such file or directory
   72 | #include <sys/select.h>
      |          ^~~~~~~~~~~~~~
compilation terminated.
configure:13681: $? = 1
configure: failed program was:
| /* confdefs.h */
| #define PACKAGE_NAME "libosip2"
| #define PACKAGE_TARNAME "libosip2"
| #define PACKAGE_VERSION "5.2.1"
| #define PACKAGE_STRING "libosip2 5.2.1"
| #define PACKAGE_BUGREPORT ""
| #define PACKAGE_URL ""
| #define PACKAGE "libosip2"
| #define VERSION "5.2.1"
| #define STDC_HEADERS 1
| #define HAVE_SYS_TYPES_H 1
| #define HAVE_SYS_STAT_H 1
| #define HAVE_STDLIB_H 1
| #define HAVE_STRING_H 1
| #define HAVE_MEMORY_H 1
| #define HAVE_STRINGS_H 1
| #define HAVE_INTTYPES_H 1
| #define HAVE_STDINT_H 1
| #define HAVE_UNISTD_H 1
| #define LT_OBJDIR ".libs/"
| #define HAVE_PTHREAD_PRIO_INHERIT 1
| #define HAVE_PTHREAD 1
| #define HAVE_SEMAPHORE_H 1
| #define HAVE_LOCALTIME 1
| #define STDC_HEADERS 1
| #define HAVE_STRING_H 1
| #define HAVE_STRINGS_H 1
| #define HAVE_STDLIB_H 1
| #define HAVE_UNISTD_H 1
| #define HAVE_SYS_TYPES_H 1
| #define HAVE_SYS_UNISTD_H 1
| #define HAVE_CTYPE_H 1
| #define HAVE_STDIO_H 1
| #define HAVE_STDARG_H 1
| #define HAVE_FCNTL_H 1
| #define HAVE_TIME_H 1
| #define HAVE_SYS_TIME_H 1
| /* end confdefs.h.  */
| #include <stdio.h>
| #ifdef HAVE_SYS_TYPES_H
| # include <sys/types.h>
| #endif
| #ifdef HAVE_SYS_STAT_H
| # include <sys/stat.h>
| #endif
| #ifdef STDC_HEADERS
| # include <stdlib.h>
| # include <stddef.h>
| #else
| # ifdef HAVE_STDLIB_H
| #  include <stdlib.h>
| # endif
| #endif
| #ifdef HAVE_STRING_H
| # if !defined STDC_HEADERS && defined HAVE_MEMORY_H
| #  include <memory.h>
| # endif
| # include <string.h>
| #endif
| #ifdef HAVE_STRINGS_H
| # include <strings.h>
| #endif
| #ifdef HAVE_INTTYPES_H
| # include <inttypes.h>
| #endif
| #ifdef HAVE_STDINT_H
| # include <stdint.h>
| #endif
| #ifdef HAVE_UNISTD_H
| # include <unistd.h>
| #endif
| #include <sys/select.h>
configure:13681: result: no
configure:13681: checking sys/select.h presence
configure:13681: gcc -E  -Wall -Wcast-align -Wchar-subscripts -Wformat -Winline -Wmissing-declarations -Wmissing-prototypes -Wnested-externs -Wpointer-arith conftest.c
conftest.c:39:10: fatal error: sys/select.h: No such file or directory
   39 | #include <sys/select.h>
      |          ^~~~~~~~~~~~~~
compilation terminated.
configure:13681: $? = 1
configure: failed program was:
| /* confdefs.h */
| #define PACKAGE_NAME "libosip2"
| #define PACKAGE_TARNAME "libosip2"
| #define PACKAGE_VERSION "5.2.1"
| #define PACKAGE_STRING "libosip2 5.2.1"
| #define PACKAGE_BUGREPORT ""
| #define PACKAGE_URL ""
| #define PACKAGE "libosip2"
| #define VERSION "5.2.1"
| #define STDC_HEADERS 1
| #define HAVE_SYS_TYPES_H 1
| #define HAVE_SYS_STAT_H 1
| #define HAVE_STDLIB_H 1
| #define HAVE_STRING_H 1
| #define HAVE_MEMORY_H 1
| #define HAVE_STRINGS_H 1
| #define HAVE_INTTYPES_H 1
| #define HAVE_STDINT_H 1
| #define HAVE_UNISTD_H 1
| #define LT_OBJDIR ".libs/"
| #define HAVE_PTHREAD_PRIO_INHERIT 1
| #define HAVE_PTHREAD 1
| #define HAVE_SEMAPHORE_H 1
| #define HAVE_LOCALTIME 1
| #define STDC_HEADERS 1
| #define HAVE_STRING_H 1
| #define HAVE_STRINGS_H 1
| #define HAVE_STDLIB_H 1
| #define HAVE_UNISTD_H 1
| #define HAVE_SYS_TYPES_H 1
| #define HAVE_SYS_UNISTD_H 1
| #define HAVE_CTYPE_H 1
| #define HAVE_STDIO_H 1
| #define HAVE_STDARG_H 1
| #define HAVE_FCNTL_H 1
| #define HAVE_TIME_H 1
| #define HAVE_SYS_TIME_H 1
| /* end confdefs.h.  */
| #include <sys/select.h>
configure:13681: result: no
configure:13681: checking for sys/select.h
configure:13681: result: no
configure:13693: checking assert.h usability
configure:13693: gcc -c -g -O2   -Wall -Wcast-align -Wchar-subscripts -Wformat -Winline -Wmissing-declarations -Wmissing-prototypes -Wnested-externs -Wpointer-arith conftest.c >&5
configure:13693: $? = 0
configure:13693: result: yes
configure:13693: checking assert.h presence
configure:13693: gcc -E  -Wall -Wcast-align -Wchar-subscripts -Wformat -Winline -Wmissing-declarations -Wmissing-prototypes -Wnested-externs -Wpointer-arith conftest.c
configure:13693: $? = 0
configure:13693: result: yes
configure:13693: checking for assert.h
configure:13693: result: yes
configure:13705: checking signal.h usability
configure:13705: gcc -c -g -O2   -Wall -Wcast-align -Wchar-subscripts -Wformat -Winline -Wmissing-declarations -Wmissing-prototypes -Wnested-externs -Wpointer-arith conftest.c >&5
configure:13705: $? = 0
configure:13705: result: yes
configure:13705: checking signal.h presence
configure:13705: gcc -E  -Wall -Wcast-align -Wchar-subscripts -Wformat -Winline -Wmissing-declarations -Wmissing-prototypes -Wnested-externs -Wpointer-arith conftest.c
configure:13705: $? = 0
configure:13705: result: yes
configure:13705: checking for signal.h
configure:13705: result: yes
configure:13717: checking sys/signal.h usability
configure:13717: gcc -c -g -O2   -Wall -Wcast-align -Wchar-subscripts -Wformat -Winline -Wmissing-declarations -Wmissing-prototypes -Wnested-externs -Wpointer-arith conftest.c >&5
conftest.c:74:10: fatal error: sys/signal.h: No such file or directory
   74 | #include <sys/signal.h>
      |          ^~~~~~~~~~~~~~
compilation terminated.
configure:13717: $? = 1
configure: failed program was:
| /* confdefs.h */
| #define PACKAGE_NAME "libosip2"
| #define PACKAGE_TARNAME "libosip2"
| #define PACKAGE_VERSION "5.2.1"
| #define PACKAGE_STRING "libosip2 5.2.1"
| #define PACKAGE_BUGREPORT ""
| #define PACKAGE_URL ""
| #define PACKAGE "libosip2"
| #define VERSION "5.2.1"
| #define STDC_HEADERS 1
| #define HAVE_SYS_TYPES_H 1
| #define HAVE_SYS_STAT_H 1
| #define HAVE_STDLIB_H 1
| #define HAVE_STRING_H 1
| #define HAVE_MEMORY_H 1
| #define HAVE_STRINGS_H 1
| #define HAVE_INTTYPES_H 1
| #define HAVE_STDINT_H 1
| #define HAVE_UNISTD_H 1
| #define LT_OBJDIR ".libs/"
| #define HAVE_PTHREAD_PRIO_INHERIT 1
| #define HAVE_PTHREAD 1
| #define HAVE_SEMAPHORE_H 1
| #define HAVE_LOCALTIME 1
| #define STDC_HEADERS 1
| #define HAVE_STRING_H 1
| #define HAVE_STRINGS_H 1
| #define HAVE_STDLIB_H 1
| #define HAVE_UNISTD_H 1
| #define HAVE_SYS_TYPES_H 1
| #define HAVE_SYS_UNISTD_H 1
| #define HAVE_CTYPE_H 1
| #define HAVE_STDIO_H 1
| #define HAVE_STDARG_H 1
| #define HAVE_FCNTL_H 1
| #define HAVE_TIME_H 1
| #define HAVE_SYS_TIME_H 1
| #define HAVE_ASSERT_H 1
| #define HAVE_SIGNAL_H 1
| /* end confdefs.h.  */
| #include <stdio.h>
| #ifdef HAVE_SYS_TYPES_H
| # include <sys/types.h>
| #endif
| #ifdef HAVE_SYS_STAT_H
| # include <sys/stat.h>
| #endif
| #ifdef STDC_HEADERS
| # include <stdlib.h>
| # include <stddef.h>
| #else
| # ifdef HAVE_STDLIB_H
| #  include <stdlib.h>
| # endif
| #endif
| #ifdef HAVE_STRING_H
| # if !defined STDC_HEADERS && defined HAVE_MEMORY_H
| #  include <memory.h>
| # endif
| # include <string.h>
| #endif
| #ifdef HAVE_STRINGS_H
| # include <strings.h>
| #endif
| #ifdef HAVE_INTTYPES_H
| # include <inttypes.h>
| #endif
| #ifdef HAVE_STDINT_H
| # include <stdint.h>
| #endif
| #ifdef HAVE_UNISTD_H
| # include <unistd.h>
| #endif
| #include <sys/signal.h>
configure:13717: result: no
configure:13717: checking sys/signal.h presence
configure:13717: gcc -E  -Wall -Wcast-align -Wchar-subscripts -Wformat -Winline -Wmissing-declarations -Wmissing-prototypes -Wnested-externs -Wpointer-arith conftest.c
conftest.c:41:10: fatal error: sys/signal.h: No such file or directory
   41 | #include <sys/signal.h>
      |          ^~~~~~~~~~~~~~
compilation terminated.
configure:13717: $? = 1
configure: failed program was:
| /* confdefs.h */
| #define PACKAGE_NAME "libosip2"
| #define PACKAGE_TARNAME "libosip2"
| #define PACKAGE_VERSION "5.2.1"
| #define PACKAGE_STRING "libosip2 5.2.1"
| #define PACKAGE_BUGREPORT ""
| #define PACKAGE_URL ""
| #define PACKAGE "libosip2"
| #define VERSION "5.2.1"
| #define STDC_HEADERS 1
| #define HAVE_SYS_TYPES_H 1
| #define HAVE_SYS_STAT_H 1
| #define HAVE_STDLIB_H 1
| #define HAVE_STRING_H 1
| #define HAVE_MEMORY_H 1
| #define HAVE_STRINGS_H 1
| #define HAVE_INTTYPES_H 1
| #define HAVE_STDINT_H 1
| #define HAVE_UNISTD_H 1
| #define LT_OBJDIR ".libs/"
| #define HAVE_PTHREAD_PRIO_INHERIT 1
| #define HAVE_PTHREAD 1
| #define HAVE_SEMAPHORE_H 1
| #define HAVE_LOCALTIME 1
| #define STDC_HEADERS 1
| #define HAVE_STRING_H 1
| #define HAVE_STRINGS_H 1
| #define HAVE_STDLIB_H 1
| #define HAVE_UNISTD_H 1
| #define HAVE_SYS_TYPES_H 1
| #define HAVE_SYS_UNISTD_H 1
| #define HAVE_CTYPE_H 1
| #define HAVE_STDIO_H 1
| #define HAVE_STDARG_H 1
| #define HAVE_FCNTL_H 1
| #define HAVE_TIME_H 1
| #define HAVE_SYS_TIME_H 1
| #define HAVE_ASSERT_H 1
| #define HAVE_SIGNAL_H 1
| /* end confdefs.h.  */
| #include <sys/signal.h>
configure:13717: result: no
configure:13717: checking for sys/signal.h
configure:13717: result: no
configure:13729: checking malloc.h usability
configure:13729: gcc -c -g -O2   -Wall -Wcast-align -Wchar-subscripts -Wformat -Winline -Wmissing-declarations -Wmissing-prototypes -Wnested-externs -Wpointer-arith conftest.c >&5
configure:13729: $? = 0
configure:13729: result: yes
configure:13729: checking malloc.h presence
configure:13729: gcc -E  -Wall -Wcast-align -Wchar-subscripts -Wformat -Winline -Wmissing-declarations -Wmissing-prototypes -Wnested-externs -Wpointer-arith conftest.c
configure:13729: $? = 0
configure:13729: result: yes
configure:13729: checking for malloc.h
configure:13729: result: yes
configure:13740: checking for struct timeval
configure:13740: gcc -c -g -O2   -Wall -Wcast-align -Wchar-subscripts -Wformat -Winline -Wmissing-declarations -Wmissing-prototypes -Wnested-externs -Wpointer-arith conftest.c >&5
configure:13740: $? = 0
configure:13740: gcc -c -g -O2   -Wall -Wcast-align -Wchar-subscripts -Wformat -Winline -Wmissing-declarations -Wmissing-prototypes -Wnested-externs -Wpointer-arith conftest.c >&5
conftest.c: In function 'main':
conftest.c:58:29: error: expected expression before ')' token
   58 | if (sizeof ((struct timeval)))
      |                             ^
configure:13740: $? = 1
configure: failed program was:
| /* confdefs.h */
| #define PACKAGE_NAME "libosip2"
| #define PACKAGE_TARNAME "libosip2"
| #define PACKAGE_VERSION "5.2.1"
| #define PACKAGE_STRING "libosip2 5.2.1"
| #define PACKAGE_BUGREPORT ""
| #define PACKAGE_URL ""
| #define PACKAGE "libosip2"
| #define VERSION "5.2.1"
| #define STDC_HEADERS 1
| #define HAVE_SYS_TYPES_H 1
| #define HAVE_SYS_STAT_H 1
| #define HAVE_STDLIB_H 1
| #define HAVE_STRING_H 1
| #define HAVE_MEMORY_H 1
| #define HAVE_STRINGS_H 1
| #define HAVE_INTTYPES_H 1
| #define HAVE_STDINT_H 1
| #define HAVE_UNISTD_H 1
| #define LT_OBJDIR ".libs/"
| #define HAVE_PTHREAD_PRIO_INHERIT 1
| #define HAVE_PTHREAD 1
| #define HAVE_SEMAPHORE_H 1
| #define HAVE_LOCALTIME 1
| #define STDC_HEADERS 1
| #define HAVE_STRING_H 1
| #define HAVE_STRINGS_H 1
| #define HAVE_STDLIB_H 1
| #define HAVE_UNISTD_H 1
| #define HAVE_SYS_TYPES_H 1
| #define HAVE_SYS_UNISTD_H 1
| #define HAVE_CTYPE_H 1
| #define HAVE_STDIO_H 1
| #define HAVE_STDARG_H 1
| #define HAVE_FCNTL_H 1
| #define HAVE_TIME_H 1
| #define HAVE_SYS_TIME_H 1
| #define HAVE_ASSERT_H 1
| #define HAVE_SIGNAL_H 1
| #define HAVE_MALLOC_H 1
| /* end confdefs.h.  */
| 
|      #if TIME_WITH_SYS_TIME
|      # include <sys/time.h>
|      # include <time.h>
|      #else
|      # if HAVE_SYS_TIME_H
|      #  include <sys/time.h>
|      # else
|      #  include <time.h>
|      # endif
|      #endif
| 
| 
| int
| main ()
| {
| if (sizeof ((struct timeval)))
| 	    return 0;
|   ;
|   return 0;
| }
configure:13740: result: yes
configure:13866: checking that generated files are newer than configure
configure:13872: result: done
configure:13907: creating ./config.status

## ---------------------- ##
## Running config.status. ##
## ---------------------- ##

This file was extended by libosip2 config.status 5.2.1, which was
generated by GNU Autoconf 2.69.  Invocation command line was

  CONFIG_FILES    = 
  CONFIG_HEADERS  = 
  CONFIG_LINKS    = 
  CONFIG_COMMANDS = 
  $ ./config.status 

on win10-zl-x1e

config.status:1153: creating libosip2.pc
config.status:1153: creating Makefile
config.status:1153: creating scripts/Makefile
config.status:1153: creating src/Makefile
config.status:1153: creating src/osipparser2/Makefile
config.status:1153: creating src/osip2/Makefile
config.status:1153: creating src/test/Makefile
config.status:1153: creating include/Makefile
config.status:1153: creating include/osip2/Makefile
config.status:1153: creating include/osipparser2/Makefile
config.status:1153: creating include/osipparser2/headers/Makefile
config.status:1153: creating help/Makefile
config.status:1153: creating help/man/Makefile
config.status:1153: creating help/doxygen/Makefile
config.status:1153: creating platform/Makefile
config.status:1153: creating platform/rpm/Makefile
config.status:1153: creating platform/vsnet/Makefile
config.status:1153: creating include/osip2/doxygen.dox
config.status:1153: creating osip-config.h
config.status:1382: executing depfiles commands
config.status:1459: cd src/osipparser2       && sed -e '/# am--include-marker/d' Makefile         | make -f - am--depfiles
make: Nothing to be done for 'am--depfiles'.
config.status:1464: $? = 0
config.status:1459: cd src/osip2       && sed -e '/# am--include-marker/d' Makefile         | make -f - am--depfiles
make: Nothing to be done for 'am--depfiles'.
config.status:1464: $? = 0
config.status:1459: cd src/test       && sed -e '/# am--include-marker/d' Makefile         | make -f - am--depfiles
make: Nothing to be done for 'am--depfiles'.
config.status:1464: $? = 0
config.status:1382: executing libtool commands

## ---------------- ##
## Cache variables. ##
## ---------------- ##

Wall_cv_flag=yes
Wcast_align_cv_flag=yes
Wchar_subscripts_cv_flag=yes
Wformat_cv_flag=yes
Winline_cv_flag=yes
Wmissing_declarations_cv_flag=yes
Wmissing_prototypes_cv_flag=yes
Wnested_externs_cv_flag=yes
Wpointer_arith_cv_flag=yes
ac_cv_build=x86_64-w64-mingw32
ac_cv_c_compiler_gnu=yes
ac_cv_env_CC_set=
ac_cv_env_CC_value=
ac_cv_env_CFLAGS_set=
ac_cv_env_CFLAGS_value=
ac_cv_env_CPPFLAGS_set=
ac_cv_env_CPPFLAGS_value=
ac_cv_env_CPP_set=
ac_cv_env_CPP_value=
ac_cv_env_LDFLAGS_set=
ac_cv_env_LDFLAGS_value=
ac_cv_env_LIBS_set=
ac_cv_env_LIBS_value=
ac_cv_env_LT_SYS_LIBRARY_PATH_set=
ac_cv_env_LT_SYS_LIBRARY_PATH_value=
ac_cv_env_build_alias_set=
ac_cv_env_build_alias_value=
ac_cv_env_host_alias_set=
ac_cv_env_host_alias_value=
ac_cv_env_target_alias_set=
ac_cv_env_target_alias_value=
ac_cv_exeext=.exe
ac_cv_func_localtime=yes
ac_cv_header_assert_h=yes
ac_cv_header_ctype_h=yes
ac_cv_header_dlfcn_h=no
ac_cv_header_fcntl_h=yes
ac_cv_header_inttypes_h=yes
ac_cv_header_malloc_h=yes
ac_cv_header_memory_h=yes
ac_cv_header_semaphore_h=yes
ac_cv_header_signal_h=yes
ac_cv_header_stdarg_h=yes
ac_cv_header_stdc=yes
ac_cv_header_stdint_h=yes
ac_cv_header_stdio_h=yes
ac_cv_header_stdlib_h=yes
ac_cv_header_string_h=yes
ac_cv_header_strings_h=yes
ac_cv_header_sys_select_h=no
ac_cv_header_sys_sem_h=no
ac_cv_header_sys_signal_h=no
ac_cv_header_sys_stat_h=yes
ac_cv_header_sys_time_h=yes
ac_cv_header_sys_types_h=yes
ac_cv_header_sys_unistd_h=yes
ac_cv_header_syslog_h=no
ac_cv_header_time_h=yes
ac_cv_header_unistd_h=yes
ac_cv_header_varargs_h=no
ac_cv_host=x86_64-w64-mingw32
ac_cv_lib_c_lrand48=no
ac_cv_lib_nsl_nis_add=no
ac_cv_lib_posix4_sem_open=no
ac_cv_lib_rt_clock_gettime=no
ac_cv_lib_socket_sendto=no
ac_cv_objext=o
ac_cv_path_EGREP='/usr/bin/grep -E'
ac_cv_path_FGREP='/usr/bin/grep -F'
ac_cv_path_GREP=/usr/bin/grep
ac_cv_path_SED=/usr/bin/sed
ac_cv_path_install='/usr/bin/install -c'
ac_cv_path_lt_DD=/usr/bin/dd
ac_cv_path_mkdir=/usr/bin/mkdir
ac_cv_prog_AWK=gawk
ac_cv_prog_CPP='gcc -E'
ac_cv_prog_ac_ct_AR=ar
ac_cv_prog_ac_ct_CC=gcc
ac_cv_prog_ac_ct_DLLTOOL=dlltool
ac_cv_prog_ac_ct_OBJDUMP=objdump
ac_cv_prog_ac_ct_RANLIB=ranlib
ac_cv_prog_ac_ct_STRIP=strip
ac_cv_prog_cc_c89=
ac_cv_prog_cc_g=yes
ac_cv_prog_make_make_set=yes
ac_cv_type_struct_timeval=yes
am_cv_CC_dependencies_compiler_type=gcc3
am_cv_make_support_nested_variables=yes
am_cv_prog_cc_c_o=yes
ax_cv_PTHREAD_PRIO_INHERIT=yes
lt_cv_ar_at_file=@
lt_cv_archive_cmds_need_lc=yes
lt_cv_deplibs_check_method='file_magic ^x86 archive import|^x86 DLL'
lt_cv_file_magic_cmd=func_win32_libid
lt_cv_file_magic_test_file=
lt_cv_ld_reload_flag=-r
lt_cv_nm_interface='BSD nm'
lt_cv_objdir=.libs
lt_cv_path_LD=C:/DEVPACK/msys64/mingw64/x86_64-w64-mingw32/bin/ld.exe
lt_cv_path_NM='/mingw64/bin/nm -B'
lt_cv_path_mainfest_tool=no
lt_cv_prog_compiler_c_o=yes
lt_cv_prog_compiler_pic='-DDLL_EXPORT -DPIC'
lt_cv_prog_compiler_pic_works=yes
lt_cv_prog_compiler_rtti_exceptions=no
lt_cv_prog_compiler_static_works=yes
lt_cv_prog_gnu_ld=yes
lt_cv_sharedlib_from_linklib_cmd=func_cygming_dll_for_implib
lt_cv_sys_global_symbol_pipe='sed -n -e '\''s/^.*[	 ]\([ABCDGIRSTW][ABCDGIRSTW]*\)[	 ][	 ]*\([_A-Za-z][_A-Za-z0-9]*\)\{0,1\}$/\1 \2 \2/p'\'' | sed '\''/ __gnu_lto/d'\'''
lt_cv_sys_global_symbol_to_c_name_address='sed -n -e '\''s/^: \(.*\) .*$/  {"\1", (void *) 0},/p'\'' -e '\''s/^[ABCDGIRSTW][ABCDGIRSTW]* .* \(.*\)$/  {"\1", (void *) \&\1},/p'\'''
lt_cv_sys_global_symbol_to_c_name_address_lib_prefix='sed -n -e '\''s/^: \(.*\) .*$/  {"\1", (void *) 0},/p'\'' -e '\''s/^[ABCDGIRSTW][ABCDGIRSTW]* .* \(lib.*\)$/  {"\1", (void *) \&\1},/p'\'' -e '\''s/^[ABCDGIRSTW][ABCDGIRSTW]* .* \(.*\)$/  {"lib\1", (void *) \&\1},/p'\'''
lt_cv_sys_global_symbol_to_cdecl='sed -n -e '\''s/^T .* \(.*\)$/extern int \1();/p'\'' -e '\''s/^[ABCDGIRSTW][ABCDGIRSTW]* .* \(.*\)$/extern char \1;/p'\'''
lt_cv_sys_global_symbol_to_import=
lt_cv_sys_max_cmd_len=8192
lt_cv_to_host_file_cmd=func_convert_file_msys_to_w32
lt_cv_to_tool_file_cmd=func_convert_file_msys_to_w32
lt_cv_truncate_bin='/usr/bin/dd bs=4096 count=1'

## ----------------- ##
## Output variables. ##
## ----------------- ##

ACLOCAL='${SHELL} /c/Users/cheungmine/Workspace/libosip2-5.2.1/osip/scripts/missing aclocal-1.16'
AMDEPBACKSLASH='\'
AMDEP_FALSE='#'
AMDEP_TRUE=''
AMTAR='$${TAR-tar}'
AM_BACKSLASH='\'
AM_DEFAULT_V='$(AM_DEFAULT_VERBOSITY)'
AM_DEFAULT_VERBOSITY='0'
AM_V='$(V)'
AR='ar'
AUTOCONF='${SHELL} /c/Users/cheungmine/Workspace/libosip2-5.2.1/osip/scripts/missing autoconf'
AUTOHEADER='${SHELL} /c/Users/cheungmine/Workspace/libosip2-5.2.1/osip/scripts/missing autoheader'
AUTOMAKE='${SHELL} /c/Users/cheungmine/Workspace/libosip2-5.2.1/osip/scripts/missing automake-1.16'
AWK='gawk'
BUILD_MAXSIZE_FALSE='#'
BUILD_MAXSIZE_TRUE=''
BUILD_MT_FALSE='#'
BUILD_MT_TRUE=''
CC='gcc'
CCDEPMODE='depmode=gcc3'
CFLAGS='-g -O2 '
COMPILE_TESTS_FALSE=''
COMPILE_TESTS_TRUE='#'
CPP='gcc -E'
CPPFLAGS=' -Wall -Wcast-align -Wchar-subscripts -Wformat -Winline -Wmissing-declarations -Wmissing-prototypes -Wnested-externs -Wpointer-arith'
CYGPATH_W='cygpath -w'
DEFS='-DHAVE_CONFIG_H'
DEPDIR='.deps'
DLLTOOL='dlltool'
DSYMUTIL=''
DUMPBIN=''
ECHO_C=''
ECHO_N='-n'
ECHO_T=''
EGREP='/usr/bin/grep -E'
EXEEXT='.exe'
EXTRA_LIB=''
FGREP='/usr/bin/grep -F'
FSM_LIB=''
GREP='/usr/bin/grep'
INSTALL_DATA='${INSTALL} -m 644'
INSTALL_PROGRAM='${INSTALL}'
INSTALL_SCRIPT='${INSTALL}'
INSTALL_STRIP_PROGRAM='$(install_sh) -c -s'
LD='C:/DEVPACK/msys64/mingw64/x86_64-w64-mingw32/bin/ld.exe'
LDFLAGS=''
LIBOBJS=''
LIBOSIP_SO_VERSION='14:1:0'
LIBS=' '
LIBTOOL='$(SHELL) $(top_builddir)/libtool'
LIPO=''
LN_S='cp -pR'
LTLIBOBJS=''
LT_SYS_LIBRARY_PATH=''
MAKEINFO='${SHELL} /c/Users/cheungmine/Workspace/libosip2-5.2.1/osip/scripts/missing makeinfo'
MANIFEST_TOOL=':'
MKDIR_P='/usr/bin/mkdir -p'
NM='/mingw64/bin/nm -B'
NMEDIT=''
OBJDUMP='objdump'
OBJEXT='o'
OSIP_VERSION=''
OTOOL64=''
OTOOL=''
PACKAGE='libosip2'
PACKAGE_BUGREPORT=''
PACKAGE_NAME='libosip2'
PACKAGE_STRING='libosip2 5.2.1'
PACKAGE_TARNAME='libosip2'
PACKAGE_URL=''
PACKAGE_VERSION='5.2.1'
PARSER_LIB=''
PATH_SEPARATOR=':'
PTHREAD_CC='gcc'
PTHREAD_CFLAGS=''
PTHREAD_LIBS=''
RANLIB='ranlib'
SED='/usr/bin/sed'
SET_MAKE=''
SHELL='/bin/sh'
SIP_CFLAGS=''
SIP_EXTRA_FLAGS=' -DENABLE_TRACE'
SIP_FSM_FLAGS=''
SIP_PARSER_FLAGS=''
STRIP='strip'
VERSION='5.2.1'
ac_ct_AR='ar'
ac_ct_CC='gcc'
ac_ct_DUMPBIN=''
am__EXEEXT_FALSE='#'
am__EXEEXT_TRUE=''
am__fastdepCC_FALSE='#'
am__fastdepCC_TRUE=''
am__include='include'
am__isrc=''
am__leading_dot='.'
am__nodep='_no'
am__quote=''
am__tar='$${TAR-tar} chof - "$$tardir"'
am__untar='$${TAR-tar} xf -'
ax_pthread_config=''
bindir='${exec_prefix}/bin'
build='x86_64-w64-mingw32'
build_alias='x86_64-w64-mingw32'
build_cpu='x86_64'
build_os='mingw32'
build_vendor='w64'
datadir='${datarootdir}'
datarootdir='${prefix}/share'
docdir='${datarootdir}/doc/${PACKAGE_TARNAME}'
dvidir='${docdir}'
exec_prefix='${prefix}'
host='x86_64-w64-mingw32'
host_alias=''
host_cpu='x86_64'
host_os='mingw32'
host_vendor='w64'
htmldir='${docdir}'
includedir='${prefix}/include'
infodir='${datarootdir}/info'
install_sh='${SHELL} /c/Users/cheungmine/Workspace/libosip2-5.2.1/osip/scripts/install-sh'
libdir='${exec_prefix}/lib'
libexecdir='${exec_prefix}/libexec'
localedir='${datarootdir}/locale'
localstatedir='${prefix}/var'
mandir='${datarootdir}/man'
mkdir_p='$(MKDIR_P)'
oldincludedir='/usr/include'
pdfdir='${docdir}'
prefix='/mingw64'
program_transform_name='s,x,x,'
psdir='${docdir}'
runstatedir='${localstatedir}/run'
sbindir='${exec_prefix}/sbin'
sharedstatedir='${prefix}/com'
sysconfdir='${prefix}/etc'
target_alias=''

## ----------- ##
## confdefs.h. ##
## ----------- ##

/* confdefs.h */
#define PACKAGE_NAME "libosip2"
#define PACKAGE_TARNAME "libosip2"
#define PACKAGE_VERSION "5.2.1"
#define PACKAGE_STRING "libosip2 5.2.1"
#define PACKAGE_BUGREPORT ""
#define PACKAGE_URL ""
#define PACKAGE "libosip2"
#define VERSION "5.2.1"
#define STDC_HEADERS 1
#define HAVE_SYS_TYPES_H 1
#define HAVE_SYS_STAT_H 1
#define HAVE_STDLIB_H 1
#define HAVE_STRING_H 1
#define HAVE_MEMORY_H 1
#define HAVE_STRINGS_H 1
#define HAVE_INTTYPES_H 1
#define HAVE_STDINT_H 1
#define HAVE_UNISTD_H 1
#define LT_OBJDIR ".libs/"
#define HAVE_PTHREAD_PRIO_INHERIT 1
#define HAVE_PTHREAD 1
#define HAVE_SEMAPHORE_H 1
#define HAVE_LOCALTIME 1
#define STDC_HEADERS 1
#define HAVE_STRING_H 1
#define HAVE_STRINGS_H 1
#define HAVE_STDLIB_H 1
#define HAVE_UNISTD_H 1
#define HAVE_SYS_TYPES_H 1
#define HAVE_SYS_UNISTD_H 1
#define HAVE_CTYPE_H 1
#define HAVE_STDIO_H 1
#define HAVE_STDARG_H 1
#define HAVE_FCNTL_H 1
#define HAVE_TIME_H 1
#define HAVE_SYS_TIME_H 1
#define HAVE_ASSERT_H 1
#define HAVE_SIGNAL_H 1
#define HAVE_MALLOC_H 1
#define HAVE_STRUCT_TIMEVAL 1

configure: exit 0
