c:\users\cheungmine\workspace\libosip2-5.2.1\osip\platform\vsnet\osip2\x64\release\port_thread.obj
c:\users\cheungmine\workspace\libosip2-5.2.1\osip\platform\vsnet\osip2\x64\release\port_sema.obj
c:\users\cheungmine\workspace\libosip2-5.2.1\osip\platform\vsnet\osip2\x64\release\port_fifo.obj
c:\users\cheungmine\workspace\libosip2-5.2.1\osip\platform\vsnet\osip2\x64\release\port_condv.obj
c:\users\cheungmine\workspace\libosip2-5.2.1\osip\platform\vsnet\osip2\x64\release\osip_transaction.obj
c:\users\cheungmine\workspace\libosip2-5.2.1\osip\platform\vsnet\osip2\x64\release\osip_time.obj
c:\users\cheungmine\workspace\libosip2-5.2.1\osip\platform\vsnet\osip2\x64\release\osip_event.obj
c:\users\cheungmine\workspace\libosip2-5.2.1\osip\platform\vsnet\osip2\x64\release\osip_dialog.obj
c:\users\cheungmine\workspace\libosip2-5.2.1\osip\platform\vsnet\osip2\x64\release\osip.obj
c:\users\cheungmine\workspace\libosip2-5.2.1\osip\platform\vsnet\osip2\x64\release\nist_fsm.obj
c:\users\cheungmine\workspace\libosip2-5.2.1\osip\platform\vsnet\osip2\x64\release\nist.obj
c:\users\cheungmine\workspace\libosip2-5.2.1\osip\platform\vsnet\osip2\x64\release\nict_fsm.obj
c:\users\cheungmine\workspace\libosip2-5.2.1\osip\platform\vsnet\osip2\x64\release\nict.obj
c:\users\cheungmine\workspace\libosip2-5.2.1\osip\platform\vsnet\osip2\x64\release\ist_fsm.obj
c:\users\cheungmine\workspace\libosip2-5.2.1\osip\platform\vsnet\osip2\x64\release\ist.obj
c:\users\cheungmine\workspace\libosip2-5.2.1\osip\platform\vsnet\osip2\x64\release\ict_fsm.obj
c:\users\cheungmine\workspace\libosip2-5.2.1\osip\platform\vsnet\osip2\x64\release\ict.obj
c:\users\cheungmine\workspace\libosip2-5.2.1\osip\platform\vsnet\osip2\x64\release\fsm_misc.obj
c:\users\cheungmine\workspace\libosip2-5.2.1\exosip\platform\vsnet\v140\x64\release\osip2.lib
c:\users\cheungmine\workspace\libosip2-5.2.1\osip\platform\vsnet\osip2\x64\release\osip2.tlog\cl.command.1.tlog
c:\users\cheungmine\workspace\libosip2-5.2.1\osip\platform\vsnet\osip2\x64\release\osip2.tlog\cl.read.1.tlog
c:\users\cheungmine\workspace\libosip2-5.2.1\osip\platform\vsnet\osip2\x64\release\osip2.tlog\cl.write.1.tlog
c:\users\cheungmine\workspace\libosip2-5.2.1\osip\platform\vsnet\osip2\x64\release\osip2.tlog\lib-link.read.1.tlog
c:\users\cheungmine\workspace\libosip2-5.2.1\osip\platform\vsnet\osip2\x64\release\osip2.tlog\lib-link.write.1.tlog
c:\users\cheungmine\workspace\libosip2-5.2.1\osip\platform\vsnet\osip2\x64\release\osip2.tlog\lib.command.1.tlog
