c:\users\cheungmine\workspace\libosip2-5.2.1\exosip\platform\vsnet\exosip\x64\release\exosip-vc80.pdb
c:\users\cheungmine\workspace\libosip2-5.2.1\exosip\platform\vsnet\exosip\x64\release\jdialog.obj
c:\users\cheungmine\workspace\libosip2-5.2.1\exosip\platform\vsnet\exosip\x64\release\jcallback.obj
c:\users\cheungmine\workspace\libosip2-5.2.1\exosip\platform\vsnet\exosip\x64\release\jcall.obj
c:\users\cheungmine\workspace\libosip2-5.2.1\exosip\platform\vsnet\exosip\x64\release\jauth.obj
c:\users\cheungmine\workspace\libosip2-5.2.1\exosip\platform\vsnet\exosip\x64\release\inet_ntop.obj
c:\users\cheungmine\workspace\libosip2-5.2.1\exosip\platform\vsnet\exosip\x64\release\exutils.obj
c:\users\cheungmine\workspace\libosip2-5.2.1\exosip\platform\vsnet\exosip\x64\release\extransport.obj
c:\users\cheungmine\workspace\libosip2-5.2.1\exosip\platform\vsnet\exosip\x64\release\extl_udp.obj
c:\users\cheungmine\workspace\libosip2-5.2.1\exosip\platform\vsnet\exosip\x64\release\extl_tls.obj
c:\users\cheungmine\workspace\libosip2-5.2.1\exosip\platform\vsnet\exosip\x64\release\extl_tcp.obj
c:\users\cheungmine\workspace\libosip2-5.2.1\exosip\platform\vsnet\exosip\x64\release\extl_dtls.obj
c:\users\cheungmine\workspace\libosip2-5.2.1\exosip\platform\vsnet\exosip\x64\release\exsubscription_api.obj
c:\users\cheungmine\workspace\libosip2-5.2.1\exosip\platform\vsnet\exosip\x64\release\exregister_api.obj
c:\users\cheungmine\workspace\libosip2-5.2.1\exosip\platform\vsnet\exosip\x64\release\expublish_api.obj
c:\users\cheungmine\workspace\libosip2-5.2.1\exosip\platform\vsnet\exosip\x64\release\exosip.obj
c:\users\cheungmine\workspace\libosip2-5.2.1\exosip\platform\vsnet\exosip\x64\release\exoptions_api.obj
c:\users\cheungmine\workspace\libosip2-5.2.1\exosip\platform\vsnet\exosip\x64\release\exmessage_api.obj
c:\users\cheungmine\workspace\libosip2-5.2.1\exosip\platform\vsnet\exosip\x64\release\exinsubscription_api.obj
c:\users\cheungmine\workspace\libosip2-5.2.1\exosip\platform\vsnet\exosip\x64\release\exconf.obj
c:\users\cheungmine\workspace\libosip2-5.2.1\exosip\platform\vsnet\exosip\x64\release\excall_api.obj
c:\users\cheungmine\workspace\libosip2-5.2.1\exosip\platform\vsnet\exosip\x64\release\udp.obj
c:\users\cheungmine\workspace\libosip2-5.2.1\exosip\platform\vsnet\exosip\x64\release\sdp_offans.obj
c:\users\cheungmine\workspace\libosip2-5.2.1\exosip\platform\vsnet\exosip\x64\release\rijndael.obj
c:\users\cheungmine\workspace\libosip2-5.2.1\exosip\platform\vsnet\exosip\x64\release\misc.obj
c:\users\cheungmine\workspace\libosip2-5.2.1\exosip\platform\vsnet\exosip\x64\release\milenage.obj
c:\users\cheungmine\workspace\libosip2-5.2.1\exosip\platform\vsnet\exosip\x64\release\jsubscribe.obj
c:\users\cheungmine\workspace\libosip2-5.2.1\exosip\platform\vsnet\exosip\x64\release\jresponse.obj
c:\users\cheungmine\workspace\libosip2-5.2.1\exosip\platform\vsnet\exosip\x64\release\jrequest.obj
c:\users\cheungmine\workspace\libosip2-5.2.1\exosip\platform\vsnet\exosip\x64\release\jreg.obj
c:\users\cheungmine\workspace\libosip2-5.2.1\exosip\platform\vsnet\exosip\x64\release\jpublish.obj
c:\users\cheungmine\workspace\libosip2-5.2.1\exosip\platform\vsnet\exosip\x64\release\jpipe.obj
c:\users\cheungmine\workspace\libosip2-5.2.1\exosip\platform\vsnet\exosip\x64\release\jnotify.obj
c:\users\cheungmine\workspace\libosip2-5.2.1\exosip\platform\vsnet\exosip\x64\release\jevents.obj
c:\users\cheungmine\workspace\libosip2-5.2.1\exosip\platform\vsnet\v140\x64\release\exosip.lib
c:\users\cheungmine\workspace\github.com\osip2-build-msvc\exosip\platform\vsnet\exosip\x64\release\exosip.tlog\cl.command.1.tlog
c:\users\cheungmine\workspace\github.com\osip2-build-msvc\exosip\platform\vsnet\exosip\x64\release\exosip.tlog\cl.read.1.tlog
c:\users\cheungmine\workspace\github.com\osip2-build-msvc\exosip\platform\vsnet\exosip\x64\release\exosip.tlog\cl.write.1.tlog
c:\users\cheungmine\workspace\github.com\osip2-build-msvc\exosip\platform\vsnet\exosip\x64\release\exosip.tlog\lib-link.read.1.tlog
c:\users\cheungmine\workspace\github.com\osip2-build-msvc\exosip\platform\vsnet\exosip\x64\release\exosip.tlog\lib-link.write.1.tlog
c:\users\cheungmine\workspace\github.com\osip2-build-msvc\exosip\platform\vsnet\exosip\x64\release\exosip.tlog\lib.command.1.tlog
