c:\users\cheungmine\workspace\libosip2-5.2.1\exosip\platform\vsnet\libcares\win32\release\ares_llist.obj
c:\users\cheungmine\workspace\libosip2-5.2.1\exosip\platform\vsnet\libcares\win32\release\ares_library_init.obj
c:\users\cheungmine\workspace\libosip2-5.2.1\exosip\platform\vsnet\libcares\win32\release\ares_init.obj
c:\users\cheungmine\workspace\libosip2-5.2.1\exosip\platform\vsnet\libcares\win32\release\ares_getsock.obj
c:\users\cheungmine\workspace\libosip2-5.2.1\exosip\platform\vsnet\libcares\win32\release\ares_getopt.obj
c:\users\cheungmine\workspace\libosip2-5.2.1\exosip\platform\vsnet\libcares\win32\release\ares_getnameinfo.obj
c:\users\cheungmine\workspace\libosip2-5.2.1\exosip\platform\vsnet\libcares\win32\release\ares_gethostbyname.obj
c:\users\cheungmine\workspace\libosip2-5.2.1\exosip\platform\vsnet\libcares\win32\release\ares_gethostbyaddr.obj
c:\users\cheungmine\workspace\libosip2-5.2.1\exosip\platform\vsnet\libcares\win32\release\ares_free_string.obj
c:\users\cheungmine\workspace\libosip2-5.2.1\exosip\platform\vsnet\libcares\win32\release\ares_free_hostent.obj
c:\users\cheungmine\workspace\libosip2-5.2.1\exosip\platform\vsnet\libcares\win32\release\ares_fds.obj
c:\users\cheungmine\workspace\libosip2-5.2.1\exosip\platform\vsnet\libcares\win32\release\ares_expand_string.obj
c:\users\cheungmine\workspace\libosip2-5.2.1\exosip\platform\vsnet\libcares\win32\release\ares_expand_name.obj
c:\users\cheungmine\workspace\libosip2-5.2.1\exosip\platform\vsnet\libcares\win32\release\ares_destroy.obj
c:\users\cheungmine\workspace\libosip2-5.2.1\exosip\platform\vsnet\libcares\win32\release\ares_data.obj
c:\users\cheungmine\workspace\libosip2-5.2.1\exosip\platform\vsnet\libcares\win32\release\ares_cancel.obj
c:\users\cheungmine\workspace\libosip2-5.2.1\exosip\platform\vsnet\libcares\win32\release\ares__timeval.obj
c:\users\cheungmine\workspace\libosip2-5.2.1\exosip\platform\vsnet\libcares\win32\release\ares__read_line.obj
c:\users\cheungmine\workspace\libosip2-5.2.1\exosip\platform\vsnet\libcares\win32\release\ares__get_hostent.obj
c:\users\cheungmine\workspace\libosip2-5.2.1\exosip\platform\vsnet\libcares\win32\release\ares__close_sockets.obj
c:\users\cheungmine\workspace\libosip2-5.2.1\exosip\platform\vsnet\libcares\win32\release\ares_writev.obj
c:\users\cheungmine\workspace\libosip2-5.2.1\exosip\platform\vsnet\libcares\win32\release\ares_version.obj
c:\users\cheungmine\workspace\libosip2-5.2.1\exosip\platform\vsnet\libcares\win32\release\ares_timeout.obj
c:\users\cheungmine\workspace\libosip2-5.2.1\exosip\platform\vsnet\libcares\win32\release\ares_strerror.obj
c:\users\cheungmine\workspace\libosip2-5.2.1\exosip\platform\vsnet\libcares\win32\release\ares_strdup.obj
c:\users\cheungmine\workspace\libosip2-5.2.1\exosip\platform\vsnet\libcares\win32\release\ares_strcasecmp.obj
c:\users\cheungmine\workspace\libosip2-5.2.1\exosip\platform\vsnet\libcares\win32\release\ares_send.obj
c:\users\cheungmine\workspace\libosip2-5.2.1\exosip\platform\vsnet\libcares\win32\release\ares_search.obj
c:\users\cheungmine\workspace\libosip2-5.2.1\exosip\platform\vsnet\libcares\win32\release\ares_query.obj
c:\users\cheungmine\workspace\libosip2-5.2.1\exosip\platform\vsnet\libcares\win32\release\ares_process.obj
c:\users\cheungmine\workspace\libosip2-5.2.1\exosip\platform\vsnet\libcares\win32\release\ares_parse_txt_reply.obj
c:\users\cheungmine\workspace\libosip2-5.2.1\exosip\platform\vsnet\libcares\win32\release\ares_parse_srv_reply.obj
c:\users\cheungmine\workspace\libosip2-5.2.1\exosip\platform\vsnet\libcares\win32\release\ares_parse_ptr_reply.obj
c:\users\cheungmine\workspace\libosip2-5.2.1\exosip\platform\vsnet\libcares\win32\release\ares_parse_ns_reply.obj
c:\users\cheungmine\workspace\libosip2-5.2.1\exosip\platform\vsnet\libcares\win32\release\ares_parse_mx_reply.obj
c:\users\cheungmine\workspace\libosip2-5.2.1\exosip\platform\vsnet\libcares\win32\release\ares_parse_aaaa_reply.obj
c:\users\cheungmine\workspace\libosip2-5.2.1\exosip\platform\vsnet\libcares\win32\release\ares_parse_a_reply.obj
c:\users\cheungmine\workspace\libosip2-5.2.1\exosip\platform\vsnet\libcares\win32\release\ares_options.obj
c:\users\cheungmine\workspace\libosip2-5.2.1\exosip\platform\vsnet\libcares\win32\release\ares_nowarn.obj
c:\users\cheungmine\workspace\libosip2-5.2.1\exosip\platform\vsnet\libcares\win32\release\ares_mkquery.obj
c:\users\cheungmine\workspace\libosip2-5.2.1\exosip\platform\vsnet\libcares\win32\release\windows_port.obj
c:\users\cheungmine\workspace\libosip2-5.2.1\exosip\platform\vsnet\libcares\win32\release\inet_ntop.obj
c:\users\cheungmine\workspace\libosip2-5.2.1\exosip\platform\vsnet\libcares\win32\release\inet_net_pton.obj
c:\users\cheungmine\workspace\libosip2-5.2.1\exosip\platform\vsnet\libcares\win32\release\bitncmp.obj
c:\users\cheungmine\workspace\libosip2-5.2.1\exosip\platform\vsnet\v140\win32\release\libcares.lib
c:\users\cheungmine\workspace\libosip2-5.2.1\exosip\platform\vsnet\libcares\win32\release\libcares.tlog\cl.command.1.tlog
c:\users\cheungmine\workspace\libosip2-5.2.1\exosip\platform\vsnet\libcares\win32\release\libcares.tlog\cl.read.1.tlog
c:\users\cheungmine\workspace\libosip2-5.2.1\exosip\platform\vsnet\libcares\win32\release\libcares.tlog\cl.write.1.tlog
c:\users\cheungmine\workspace\libosip2-5.2.1\exosip\platform\vsnet\libcares\win32\release\libcares.tlog\lib-link.read.1.tlog
c:\users\cheungmine\workspace\libosip2-5.2.1\exosip\platform\vsnet\libcares\win32\release\libcares.tlog\lib-link.write.1.tlog
c:\users\cheungmine\workspace\libosip2-5.2.1\exosip\platform\vsnet\libcares\win32\release\libcares.tlog\lib.command.1.tlog
