c:\users\cheungmine\workspace\libosip2-5.2.1\exosip\platform\vsnet\exosip\win32\release\jdialog.obj
c:\users\cheungmine\workspace\libosip2-5.2.1\exosip\platform\vsnet\exosip\win32\release\jcallback.obj
c:\users\cheungmine\workspace\libosip2-5.2.1\exosip\platform\vsnet\exosip\win32\release\jcall.obj
c:\users\cheungmine\workspace\libosip2-5.2.1\exosip\platform\vsnet\exosip\win32\release\jauth.obj
c:\users\cheungmine\workspace\libosip2-5.2.1\exosip\platform\vsnet\exosip\win32\release\inet_ntop.obj
c:\users\cheungmine\workspace\libosip2-5.2.1\exosip\platform\vsnet\exosip\win32\release\exutils.obj
c:\users\cheungmine\workspace\libosip2-5.2.1\exosip\platform\vsnet\exosip\win32\release\extransport.obj
c:\users\cheungmine\workspace\libosip2-5.2.1\exosip\platform\vsnet\exosip\win32\release\extl_udp.obj
c:\users\cheungmine\workspace\libosip2-5.2.1\exosip\platform\vsnet\exosip\win32\release\extl_tls.obj
c:\users\cheungmine\workspace\libosip2-5.2.1\exosip\platform\vsnet\exosip\win32\release\extl_tcp.obj
c:\users\cheungmine\workspace\libosip2-5.2.1\exosip\platform\vsnet\exosip\win32\release\extl_dtls.obj
c:\users\cheungmine\workspace\libosip2-5.2.1\exosip\platform\vsnet\exosip\win32\release\exsubscription_api.obj
c:\users\cheungmine\workspace\libosip2-5.2.1\exosip\platform\vsnet\exosip\win32\release\exregister_api.obj
c:\users\cheungmine\workspace\libosip2-5.2.1\exosip\platform\vsnet\exosip\win32\release\expublish_api.obj
c:\users\cheungmine\workspace\libosip2-5.2.1\exosip\platform\vsnet\exosip\win32\release\exosip.obj
c:\users\cheungmine\workspace\libosip2-5.2.1\exosip\platform\vsnet\exosip\win32\release\exoptions_api.obj
c:\users\cheungmine\workspace\libosip2-5.2.1\exosip\platform\vsnet\exosip\win32\release\exmessage_api.obj
c:\users\cheungmine\workspace\libosip2-5.2.1\exosip\platform\vsnet\exosip\win32\release\exinsubscription_api.obj
c:\users\cheungmine\workspace\libosip2-5.2.1\exosip\platform\vsnet\exosip\win32\release\exconf.obj
c:\users\cheungmine\workspace\libosip2-5.2.1\exosip\platform\vsnet\exosip\win32\release\excall_api.obj
c:\users\cheungmine\workspace\libosip2-5.2.1\exosip\platform\vsnet\exosip\win32\release\udp.obj
c:\users\cheungmine\workspace\libosip2-5.2.1\exosip\platform\vsnet\exosip\win32\release\sdp_offans.obj
c:\users\cheungmine\workspace\libosip2-5.2.1\exosip\platform\vsnet\exosip\win32\release\rijndael.obj
c:\users\cheungmine\workspace\libosip2-5.2.1\exosip\platform\vsnet\exosip\win32\release\misc.obj
c:\users\cheungmine\workspace\libosip2-5.2.1\exosip\platform\vsnet\exosip\win32\release\milenage.obj
c:\users\cheungmine\workspace\libosip2-5.2.1\exosip\platform\vsnet\exosip\win32\release\jsubscribe.obj
c:\users\cheungmine\workspace\libosip2-5.2.1\exosip\platform\vsnet\exosip\win32\release\jresponse.obj
c:\users\cheungmine\workspace\libosip2-5.2.1\exosip\platform\vsnet\exosip\win32\release\jrequest.obj
c:\users\cheungmine\workspace\libosip2-5.2.1\exosip\platform\vsnet\exosip\win32\release\jreg.obj
c:\users\cheungmine\workspace\libosip2-5.2.1\exosip\platform\vsnet\exosip\win32\release\jpublish.obj
c:\users\cheungmine\workspace\libosip2-5.2.1\exosip\platform\vsnet\exosip\win32\release\jpipe.obj
c:\users\cheungmine\workspace\libosip2-5.2.1\exosip\platform\vsnet\exosip\win32\release\jnotify.obj
c:\users\cheungmine\workspace\libosip2-5.2.1\exosip\platform\vsnet\exosip\win32\release\jevents.obj
c:\users\cheungmine\workspace\libosip2-5.2.1\exosip\platform\vsnet\v140\win32\release\exosip.lib
c:\users\cheungmine\workspace\libosip2-5.2.1\exosip\platform\vsnet\exosip\win32\release\exosip.tlog\cl.command.1.tlog
c:\users\cheungmine\workspace\libosip2-5.2.1\exosip\platform\vsnet\exosip\win32\release\exosip.tlog\cl.read.1.tlog
c:\users\cheungmine\workspace\libosip2-5.2.1\exosip\platform\vsnet\exosip\win32\release\exosip.tlog\cl.write.1.tlog
c:\users\cheungmine\workspace\libosip2-5.2.1\exosip\platform\vsnet\exosip\win32\release\exosip.tlog\lib-link.read.1.tlog
c:\users\cheungmine\workspace\libosip2-5.2.1\exosip\platform\vsnet\exosip\win32\release\exosip.tlog\lib-link.write.1.tlog
c:\users\cheungmine\workspace\libosip2-5.2.1\exosip\platform\vsnet\exosip\win32\release\exosip.tlog\lib.command.1.tlog
