  eXcall_api.c
  eXconf.c
  eXinsubscription_api.c
  eXmessage_api.c
  eXoptions_api.c
  eXosip.c
  eXpublish_api.c
  eXregister_api.c
  eXsubscription_api.c
  eXtl_dtls.c
  eXtl_tcp.c
  eXtl_tls.c
  eXtl_udp.c
  eXtransport.c
  eXutils.c
  inet_ntop.c
  jauth.c
  jcall.c
  jcallback.c
  jdialog.c
  正在生成代码...
  正在编译...
  jevents.c
  jnotify.c
  jpipe.c
  jpublish.c
  jreg.c
  jrequest.c
  jresponse.c
  jsubscribe.c
  milenage.c
  misc.c
  rijndael.c
  sdp_offans.c
  udp.c
  正在生成代码...
  eXosip.vcxproj -> C:\Users\cheungmine\Workspace\libosip2-5.2.1\exosip\platform\vsnet\v140\Win32\Release\eXosip.lib
