  windows_port.c
  inet_ntop.c
  inet_net_pton.c
  bitncmp.c
  ares_writev.c
  ares_version.c
  ares_timeout.c
  ares_strerror.c
  ares_strdup.c
  ares_strcasecmp.c
  ares_send.c
  ares_search.c
  ares_query.c
  ares_process.c
  ares_parse_txt_reply.c
  ares_parse_srv_reply.c
  ares_parse_ptr_reply.c
  ares_parse_ns_reply.c
  ares_parse_mx_reply.c
  ares_parse_aaaa_reply.c
  正在生成代码...
  正在编译...
  ares_parse_a_reply.c
  ares_options.c
  ares_nowarn.c
  ares_mkquery.c
  ares_llist.c
  ares_library_init.c
  ares_init.c
  ares_getsock.c
  ares_getopt.c
  ares_getnameinfo.c
  ares_gethostbyname.c
  ares_gethostbyaddr.c
  ares_free_string.c
  ares_free_hostent.c
  ares_fds.c
  ares_expand_string.c
  ares_expand_name.c
  ares_destroy.c
  ares_data.c
  ares_cancel.c
  正在生成代码...
  正在编译...
  ares__timeval.c
  ares__read_line.c
  ares__get_hostent.c
  ares__close_sockets.c
  正在生成代码...
  libcares.vcxproj -> C:\Users\cheungmine\Workspace\libosip2-5.2.1\exosip\platform\vsnet\v140\Win32\Debug\libcares.lib
